{"/Users/vipulmalhotra/Documents/source/projects/gitaudit/postcss.config.js": {"path":"/Users/vipulmalhotra/Documents/source/projects/gitaudit/postcss.config.js","all":true,"statementMap":{"0":{"start":{"line":1,"column":0},"end":{"line":1,"column":18}},"1":{"start":{"line":2,"column":0},"end":{"line":2,"column":12}},"2":{"start":{"line":3,"column":0},"end":{"line":3,"column":20}},"3":{"start":{"line":4,"column":0},"end":{"line":4,"column":21}},"4":{"start":{"line":5,"column":0},"end":{"line":5,"column":4}},"5":{"start":{"line":6,"column":0},"end":{"line":6,"column":1}}},"s":{"0":0,"1":0,"2":0,"3":0,"4":0,"5":0},"branchMap":{"0":{"type":"branch","line":1,"loc":{"start":{"line":1,"column":81},"end":{"line":6,"column":1}},"locations":[{"start":{"line":1,"column":81},"end":{"line":6,"column":1}}]}},"b":{"0":[0]},"fnMap":{"0":{"name":"(empty-report)","decl":{"start":{"line":1,"column":81},"end":{"line":6,"column":1}},"loc":{"start":{"line":1,"column":81},"end":{"line":6,"column":1}},"line":1}},"f":{"0":0}}
,"/Users/vipulmalhotra/Documents/source/projects/gitaudit/tailwind.config.js": {"path":"/Users/vipulmalhotra/Documents/source/projects/gitaudit/tailwind.config.js","all":true,"statementMap":{"0":{"start":{"line":1,"column":0},"end":{"line":1,"column":43}},"1":{"start":{"line":2,"column":0},"end":{"line":2,"column":16}},"2":{"start":{"line":3,"column":0},"end":{"line":3,"column":12}},"3":{"start":{"line":4,"column":0},"end":{"line":4,"column":31}},"4":{"start":{"line":5,"column":0},"end":{"line":5,"column":41}},"5":{"start":{"line":6,"column":0},"end":{"line":6,"column":4}},"6":{"start":{"line":7,"column":0},"end":{"line":7,"column":10}},"7":{"start":{"line":8,"column":0},"end":{"line":8,"column":13}},"8":{"start":{"line":9,"column":0},"end":{"line":9,"column":15}},"9":{"start":{"line":10,"column":0},"end":{"line":10,"column":17}},"10":{"start":{"line":11,"column":0},"end":{"line":11,"column":48}},"11":{"start":{"line":12,"column":0},"end":{"line":12,"column":41}},"12":{"start":{"line":13,"column":0},"end":{"line":13,"column":48}},"13":{"start":{"line":14,"column":0},"end":{"line":14,"column":54}},"14":{"start":{"line":15,"column":0},"end":{"line":15,"column":45}},"15":{"start":{"line":16,"column":0},"end":{"line":16,"column":54}},"16":{"start":{"line":17,"column":0},"end":{"line":17,"column":50}},"17":{"start":{"line":18,"column":0},"end":{"line":18,"column":55}},"18":{"start":{"line":19,"column":0},"end":{"line":19,"column":52}},"19":{"start":{"line":20,"column":0},"end":{"line":20,"column":57}},"20":{"start":{"line":21,"column":0},"end":{"line":21,"column":65}},"21":{"start":{"line":22,"column":0},"end":{"line":22,"column":18}},"22":{"start":{"line":23,"column":0},"end":{"line":23,"column":46}},"23":{"start":{"line":24,"column":0},"end":{"line":24,"column":48}},"24":{"start":{"line":25,"column":0},"end":{"line":25,"column":50}},"25":{"start":{"line":26,"column":0},"end":{"line":26,"column":44}},"26":{"start":{"line":27,"column":0},"end":{"line":27,"column":11}},"27":{"start":{"line":28,"column":0},"end":{"line":28,"column":9}},"28":{"start":{"line":29,"column":0},"end":{"line":29,"column":7}},"29":{"start":{"line":30,"column":0},"end":{"line":30,"column":6}},"30":{"start":{"line":31,"column":0},"end":{"line":31,"column":4}},"31":{"start":{"line":32,"column":0},"end":{"line":32,"column":14}},"32":{"start":{"line":33,"column":0},"end":{"line":33,"column":1}}},"s":{"0":0,"1":0,"2":0,"3":0,"4":0,"5":0,"6":0,"7":0,"8":0,"9":0,"10":0,"11":0,"12":0,"13":0,"14":0,"15":0,"16":0,"17":0,"18":0,"19":0,"20":0,"21":0,"22":0,"23":0,"24":0,"25":0,"26":0,"27":0,"28":0,"29":0,"30":0,"31":0,"32":0},"branchMap":{"0":{"type":"branch","line":1,"loc":{"start":{"line":1,"column":0},"end":{"line":33,"column":-13}},"locations":[{"start":{"line":1,"column":0},"end":{"line":33,"column":-13}}]}},"b":{"0":[0]},"fnMap":{"0":{"name":"(empty-report)","decl":{"start":{"line":1,"column":0},"end":{"line":33,"column":-13}},"loc":{"start":{"line":1,"column":0},"end":{"line":33,"column":-13}},"line":1}},"f":{"0":0}}
,"/Users/vipulmalhotra/Documents/source/projects/gitaudit/src/config.ts": {"path":"/Users/vipulmalhotra/Documents/source/projects/gitaudit/src/config.ts","all":false,"statementMap":{"0":{"start":{"line":1,"column":0},"end":{"line":1,"column":33}},"1":{"start":{"line":2,"column":0},"end":{"line":2,"column":0}},"2":{"start":{"line":3,"column":0},"end":{"line":3,"column":33}},"3":{"start":{"line":4,"column":0},"end":{"line":4,"column":28}},"4":{"start":{"line":5,"column":0},"end":{"line":5,"column":21}},"5":{"start":{"line":6,"column":0},"end":{"line":6,"column":21}},"6":{"start":{"line":7,"column":0},"end":{"line":7,"column":25}},"7":{"start":{"line":8,"column":0},"end":{"line":8,"column":25}},"8":{"start":{"line":9,"column":0},"end":{"line":9,"column":23}},"9":{"start":{"line":10,"column":0},"end":{"line":10,"column":20}},"10":{"start":{"line":11,"column":0},"end":{"line":11,"column":22}},"11":{"start":{"line":12,"column":0},"end":{"line":12,"column":22}},"12":{"start":{"line":13,"column":0},"end":{"line":13,"column":22}},"13":{"start":{"line":14,"column":0},"end":{"line":14,"column":4}},"14":{"start":{"line":15,"column":0},"end":{"line":15,"column":24}},"15":{"start":{"line":16,"column":0},"end":{"line":16,"column":27}},"16":{"start":{"line":17,"column":0},"end":{"line":17,"column":29}},"17":{"start":{"line":18,"column":0},"end":{"line":18,"column":28}},"18":{"start":{"line":19,"column":0},"end":{"line":19,"column":27}},"19":{"start":{"line":20,"column":0},"end":{"line":20,"column":1}},"20":{"start":{"line":21,"column":0},"end":{"line":21,"column":0}},"21":{"start":{"line":22,"column":0},"end":{"line":22,"column":45}},"22":{"start":{"line":23,"column":0},"end":{"line":23,"column":61}},"23":{"start":{"line":24,"column":0},"end":{"line":24,"column":10}},"24":{"start":{"line":25,"column":0},"end":{"line":25,"column":65}},"25":{"start":{"line":26,"column":0},"end":{"line":26,"column":50}},"26":{"start":{"line":27,"column":0},"end":{"line":27,"column":51}},"27":{"start":{"line":28,"column":0},"end":{"line":28,"column":61}},"28":{"start":{"line":29,"column":0},"end":{"line":29,"column":59}},"29":{"start":{"line":30,"column":0},"end":{"line":30,"column":57}},"30":{"start":{"line":31,"column":0},"end":{"line":31,"column":58}},"31":{"start":{"line":32,"column":0},"end":{"line":32,"column":12}},"32":{"start":{"line":33,"column":0},"end":{"line":33,"column":12}},"33":{"start":{"line":34,"column":0},"end":{"line":34,"column":14}},"34":{"start":{"line":35,"column":0},"end":{"line":35,"column":15}},"35":{"start":{"line":36,"column":0},"end":{"line":36,"column":14}},"36":{"start":{"line":37,"column":0},"end":{"line":37,"column":14}},"37":{"start":{"line":38,"column":0},"end":{"line":38,"column":7}},"38":{"start":{"line":39,"column":0},"end":{"line":39,"column":56}},"39":{"start":{"line":40,"column":0},"end":{"line":40,"column":19}},"40":{"start":{"line":41,"column":0},"end":{"line":41,"column":22}},"41":{"start":{"line":42,"column":0},"end":{"line":42,"column":21}},"42":{"start":{"line":43,"column":0},"end":{"line":43,"column":22}},"43":{"start":{"line":44,"column":0},"end":{"line":44,"column":7}},"44":{"start":{"line":45,"column":0},"end":{"line":45,"column":62}},"45":{"start":{"line":46,"column":0},"end":{"line":46,"column":17}},"46":{"start":{"line":47,"column":0},"end":{"line":47,"column":16}},"47":{"start":{"line":48,"column":0},"end":{"line":48,"column":17}},"48":{"start":{"line":49,"column":0},"end":{"line":49,"column":20}},"49":{"start":{"line":50,"column":0},"end":{"line":50,"column":7}},"50":{"start":{"line":51,"column":0},"end":{"line":51,"column":60}},"51":{"start":{"line":52,"column":0},"end":{"line":52,"column":16}},"52":{"start":{"line":53,"column":0},"end":{"line":53,"column":13}},"53":{"start":{"line":54,"column":0},"end":{"line":54,"column":12}},"54":{"start":{"line":55,"column":0},"end":{"line":55,"column":12}},"55":{"start":{"line":56,"column":0},"end":{"line":56,"column":18}},"56":{"start":{"line":57,"column":0},"end":{"line":57,"column":16}},"57":{"start":{"line":58,"column":0},"end":{"line":58,"column":7}},"58":{"start":{"line":59,"column":0},"end":{"line":59,"column":58}},"59":{"start":{"line":60,"column":0},"end":{"line":60,"column":19}},"60":{"start":{"line":61,"column":0},"end":{"line":61,"column":21}},"61":{"start":{"line":62,"column":0},"end":{"line":62,"column":26}},"62":{"start":{"line":63,"column":0},"end":{"line":63,"column":7}},"63":{"start":{"line":64,"column":0},"end":{"line":64,"column":4}},"64":{"start":{"line":65,"column":0},"end":{"line":65,"column":1}}},"s":{"0":1,"1":1,"2":1,"3":1,"4":1,"5":1,"6":1,"7":1,"8":1,"9":1,"10":1,"11":1,"12":1,"13":1,"14":1,"15":1,"16":1,"17":1,"18":1,"19":1,"20":1,"21":1,"22":1,"23":1,"24":1,"25":1,"26":1,"27":1,"28":1,"29":1,"30":1,"31":1,"32":1,"33":1,"34":1,"35":1,"36":1,"37":1,"38":1,"39":1,"40":1,"41":1,"42":1,"43":1,"44":1,"45":1,"46":1,"47":1,"48":1,"49":1,"50":1,"51":1,"52":1,"53":1,"54":1,"55":1,"56":1,"57":1,"58":1,"59":1,"60":1,"61":1,"62":1,"63":1,"64":1},"branchMap":{"0":{"type":"branch","line":22,"loc":{"start":{"line":22,"column":7},"end":{"line":65,"column":1}},"locations":[{"start":{"line":22,"column":7},"end":{"line":65,"column":1}}]}},"b":{"0":[1]},"fnMap":{"0":{"name":"getConfig","decl":{"start":{"line":22,"column":7},"end":{"line":65,"column":1}},"loc":{"start":{"line":22,"column":7},"end":{"line":65,"column":1}},"line":22}},"f":{"0":1}}
,"/Users/vipulmalhotra/Documents/source/projects/gitaudit/src/__mocks__/vscode.ts": {"path":"/Users/vipulmalhotra/Documents/source/projects/gitaudit/src/__mocks__/vscode.ts","all":true,"statementMap":{"0":{"start":{"line":1,"column":0},"end":{"line":1,"column":28}},"1":{"start":{"line":2,"column":0},"end":{"line":2,"column":0}},"2":{"start":{"line":3,"column":0},"end":{"line":3,"column":26}},"3":{"start":{"line":4,"column":0},"end":{"line":4,"column":34}},"4":{"start":{"line":5,"column":0},"end":{"line":5,"column":52}},"5":{"start":{"line":6,"column":0},"end":{"line":6,"column":6}},"6":{"start":{"line":7,"column":0},"end":{"line":7,"column":23}},"7":{"start":{"line":8,"column":0},"end":{"line":8,"column":33}},"8":{"start":{"line":9,"column":0},"end":{"line":9,"column":2}},"9":{"start":{"line":10,"column":0},"end":{"line":10,"column":0}},"10":{"start":{"line":11,"column":0},"end":{"line":11,"column":23}},"11":{"start":{"line":12,"column":0},"end":{"line":12,"column":34}},"12":{"start":{"line":13,"column":0},"end":{"line":13,"column":28}},"13":{"start":{"line":14,"column":0},"end":{"line":14,"column":30}},"14":{"start":{"line":15,"column":0},"end":{"line":15,"column":36}},"15":{"start":{"line":16,"column":0},"end":{"line":16,"column":14}},"16":{"start":{"line":17,"column":0},"end":{"line":17,"column":35}},"17":{"start":{"line":18,"column":0},"end":{"line":18,"column":27}},"18":{"start":{"line":19,"column":0},"end":{"line":19,"column":40}},"19":{"start":{"line":20,"column":0},"end":{"line":20,"column":36}},"20":{"start":{"line":21,"column":0},"end":{"line":21,"column":6}},"21":{"start":{"line":22,"column":0},"end":{"line":22,"column":20}},"22":{"start":{"line":23,"column":0},"end":{"line":23,"column":26}},"23":{"start":{"line":24,"column":0},"end":{"line":24,"column":21}},"24":{"start":{"line":25,"column":0},"end":{"line":25,"column":6}},"25":{"start":{"line":26,"column":0},"end":{"line":26,"column":30}},"26":{"start":{"line":27,"column":0},"end":{"line":27,"column":25}},"27":{"start":{"line":28,"column":0},"end":{"line":28,"column":2}},"28":{"start":{"line":29,"column":0},"end":{"line":29,"column":0}},"29":{"start":{"line":30,"column":0},"end":{"line":30,"column":25}},"30":{"start":{"line":31,"column":0},"end":{"line":31,"column":27}},"31":{"start":{"line":32,"column":0},"end":{"line":32,"column":26}},"32":{"start":{"line":33,"column":0},"end":{"line":33,"column":2}},"33":{"start":{"line":34,"column":0},"end":{"line":34,"column":0}},"34":{"start":{"line":35,"column":0},"end":{"line":35,"column":24}},"35":{"start":{"line":36,"column":0},"end":{"line":36,"column":10}},"36":{"start":{"line":37,"column":0},"end":{"line":37,"column":10}},"37":{"start":{"line":38,"column":0},"end":{"line":38,"column":12}},"38":{"start":{"line":39,"column":0},"end":{"line":39,"column":1}},"39":{"start":{"line":40,"column":0},"end":{"line":40,"column":0}},"40":{"start":{"line":41,"column":0},"end":{"line":41,"column":20}},"41":{"start":{"line":42,"column":0},"end":{"line":42,"column":66}},"42":{"start":{"line":43,"column":0},"end":{"line":43,"column":67}},"43":{"start":{"line":44,"column":0},"end":{"line":44,"column":91}},"44":{"start":{"line":45,"column":0},"end":{"line":45,"column":2}},"45":{"start":{"line":46,"column":0},"end":{"line":46,"column":0}},"46":{"start":{"line":47,"column":0},"end":{"line":47,"column":25}},"47":{"start":{"line":48,"column":0},"end":{"line":48,"column":38}},"48":{"start":{"line":49,"column":0},"end":{"line":49,"column":32}},"49":{"start":{"line":50,"column":0},"end":{"line":50,"column":3}},"50":{"start":{"line":51,"column":0},"end":{"line":51,"column":14}},"51":{"start":{"line":52,"column":0},"end":{"line":52,"column":1}},"52":{"start":{"line":53,"column":0},"end":{"line":53,"column":0}},"53":{"start":{"line":54,"column":0},"end":{"line":54,"column":63}},"54":{"start":{"line":55,"column":0},"end":{"line":55,"column":17}},"55":{"start":{"line":56,"column":0},"end":{"line":56,"column":16}},"56":{"start":{"line":57,"column":0},"end":{"line":57,"column":19}},"57":{"start":{"line":58,"column":0},"end":{"line":58,"column":4}}},"s":{"0":0,"1":0,"2":0,"3":0,"4":0,"5":0,"6":0,"7":0,"8":0,"9":0,"10":0,"11":0,"12":0,"13":0,"14":0,"15":0,"16":0,"17":0,"18":0,"19":0,"20":0,"21":0,"22":0,"23":0,"24":0,"25":0,"26":0,"27":0,"28":0,"29":0,"30":0,"31":0,"32":0,"33":0,"34":0,"35":0,"36":0,"37":0,"38":0,"39":0,"40":0,"41":0,"42":0,"43":0,"44":0,"45":0,"46":0,"47":0,"48":0,"49":0,"50":0,"51":0,"52":0,"53":0,"54":0,"55":0,"56":0,"57":0},"branchMap":{"0":{"type":"branch","line":1,"loc":{"start":{"line":1,"column":0},"end":{"line":58,"column":-567}},"locations":[{"start":{"line":1,"column":0},"end":{"line":58,"column":-567}}]}},"b":{"0":[0]},"fnMap":{"0":{"name":"(empty-report)","decl":{"start":{"line":1,"column":0},"end":{"line":58,"column":-567}},"loc":{"start":{"line":1,"column":0},"end":{"line":58,"column":-567}},"line":1}},"f":{"0":0}}
,"/Users/vipulmalhotra/Documents/source/projects/gitaudit/src/analyzer/authorchart.ts": {"path":"/Users/vipulmalhotra/Documents/source/projects/gitaudit/src/analyzer/authorchart.ts","all":false,"statementMap":{"0":{"start":{"line":1,"column":0},"end":{"line":1,"column":0}},"1":{"start":{"line":2,"column":0},"end":{"line":2,"column":50}},"2":{"start":{"line":3,"column":0},"end":{"line":3,"column":41}},"3":{"start":{"line":4,"column":0},"end":{"line":4,"column":0}},"4":{"start":{"line":5,"column":0},"end":{"line":5,"column":34}},"5":{"start":{"line":6,"column":0},"end":{"line":6,"column":19}},"6":{"start":{"line":7,"column":0},"end":{"line":7,"column":20}},"7":{"start":{"line":8,"column":0},"end":{"line":8,"column":18}},"8":{"start":{"line":9,"column":0},"end":{"line":9,"column":7}},"9":{"start":{"line":10,"column":0},"end":{"line":10,"column":61}},"10":{"start":{"line":11,"column":0},"end":{"line":11,"column":25}},"11":{"start":{"line":12,"column":0},"end":{"line":12,"column":107}},"12":{"start":{"line":13,"column":0},"end":{"line":13,"column":7}},"13":{"start":{"line":14,"column":0},"end":{"line":14,"column":22}},"14":{"start":{"line":15,"column":0},"end":{"line":15,"column":26}},"15":{"start":{"line":16,"column":0},"end":{"line":16,"column":37}},"16":{"start":{"line":17,"column":0},"end":{"line":17,"column":7}},"17":{"start":{"line":18,"column":0},"end":{"line":18,"column":6}},"18":{"start":{"line":19,"column":0},"end":{"line":19,"column":0}},"19":{"start":{"line":20,"column":0},"end":{"line":20,"column":23}},"20":{"start":{"line":21,"column":0},"end":{"line":21,"column":69}},"21":{"start":{"line":22,"column":0},"end":{"line":22,"column":30}},"22":{"start":{"line":23,"column":0},"end":{"line":23,"column":13}},"23":{"start":{"line":24,"column":0},"end":{"line":24,"column":60}},"24":{"start":{"line":25,"column":0},"end":{"line":25,"column":8}},"25":{"start":{"line":26,"column":0},"end":{"line":26,"column":0}},"26":{"start":{"line":27,"column":0},"end":{"line":27,"column":33}},"27":{"start":{"line":28,"column":0},"end":{"line":28,"column":60}},"28":{"start":{"line":29,"column":0},"end":{"line":29,"column":37}},"29":{"start":{"line":30,"column":0},"end":{"line":30,"column":0}},"30":{"start":{"line":31,"column":0},"end":{"line":31,"column":36}},"31":{"start":{"line":32,"column":0},"end":{"line":32,"column":62}},"32":{"start":{"line":33,"column":0},"end":{"line":33,"column":6}},"33":{"start":{"line":34,"column":0},"end":{"line":34,"column":38}},"34":{"start":{"line":35,"column":0},"end":{"line":35,"column":0}},"35":{"start":{"line":36,"column":0},"end":{"line":36,"column":35}},"36":{"start":{"line":37,"column":0},"end":{"line":37,"column":31}},"37":{"start":{"line":38,"column":0},"end":{"line":38,"column":16}},"38":{"start":{"line":39,"column":0},"end":{"line":39,"column":21}},"39":{"start":{"line":40,"column":0},"end":{"line":40,"column":27}},"40":{"start":{"line":41,"column":0},"end":{"line":41,"column":11}},"41":{"start":{"line":42,"column":0},"end":{"line":42,"column":7}},"42":{"start":{"line":43,"column":0},"end":{"line":43,"column":0}},"43":{"start":{"line":44,"column":0},"end":{"line":44,"column":43}},"44":{"start":{"line":45,"column":0},"end":{"line":45,"column":22}},"45":{"start":{"line":46,"column":0},"end":{"line":46,"column":0}},"46":{"start":{"line":47,"column":0},"end":{"line":47,"column":47}},"47":{"start":{"line":48,"column":0},"end":{"line":48,"column":50}},"48":{"start":{"line":49,"column":0},"end":{"line":49,"column":30}},"49":{"start":{"line":50,"column":0},"end":{"line":50,"column":34}},"50":{"start":{"line":51,"column":0},"end":{"line":51,"column":31}},"51":{"start":{"line":52,"column":0},"end":{"line":52,"column":8}},"52":{"start":{"line":53,"column":0},"end":{"line":53,"column":0}},"53":{"start":{"line":54,"column":0},"end":{"line":54,"column":41}},"54":{"start":{"line":55,"column":0},"end":{"line":55,"column":30}},"55":{"start":{"line":56,"column":0},"end":{"line":56,"column":43}},"56":{"start":{"line":57,"column":0},"end":{"line":57,"column":9}},"57":{"start":{"line":58,"column":0},"end":{"line":58,"column":7}},"58":{"start":{"line":59,"column":0},"end":{"line":59,"column":5}},"59":{"start":{"line":60,"column":0},"end":{"line":60,"column":0}},"60":{"start":{"line":61,"column":0},"end":{"line":61,"column":42}},"61":{"start":{"line":62,"column":0},"end":{"line":62,"column":70}},"62":{"start":{"line":63,"column":0},"end":{"line":63,"column":28}},"63":{"start":{"line":64,"column":0},"end":{"line":64,"column":15}},"64":{"start":{"line":65,"column":0},"end":{"line":65,"column":32}},"65":{"start":{"line":66,"column":0},"end":{"line":66,"column":35}},"66":{"start":{"line":67,"column":0},"end":{"line":67,"column":38}},"67":{"start":{"line":68,"column":0},"end":{"line":68,"column":9}},"68":{"start":{"line":69,"column":0},"end":{"line":69,"column":6}},"69":{"start":{"line":70,"column":0},"end":{"line":70,"column":0}},"70":{"start":{"line":71,"column":0},"end":{"line":71,"column":38}},"71":{"start":{"line":72,"column":0},"end":{"line":72,"column":66}},"72":{"start":{"line":73,"column":0},"end":{"line":73,"column":24}},"73":{"start":{"line":74,"column":0},"end":{"line":74,"column":18}},"74":{"start":{"line":75,"column":0},"end":{"line":75,"column":68}},"75":{"start":{"line":76,"column":0},"end":{"line":76,"column":20}},"76":{"start":{"line":77,"column":0},"end":{"line":77,"column":6}},"77":{"start":{"line":78,"column":0},"end":{"line":78,"column":14}},"78":{"start":{"line":79,"column":0},"end":{"line":79,"column":3}},"79":{"start":{"line":80,"column":0},"end":{"line":80,"column":1}}},"s":{"0":1,"1":1,"2":1,"3":1,"4":1,"5":1,"6":1,"7":1,"8":1,"9":1,"10":1,"11":1,"12":1,"13":1,"14":1,"15":1,"16":1,"17":1,"18":1,"19":1,"20":1,"21":1,"22":1,"23":1,"24":1,"25":1,"26":1,"27":3,"28":3,"29":3,"30":3,"31":3,"32":3,"33":3,"34":3,"35":3,"36":2,"37":2,"38":2,"39":2,"40":2,"41":2,"42":3,"43":3,"44":3,"45":3,"46":3,"47":3,"48":3,"49":3,"50":3,"51":3,"52":3,"53":3,"54":3,"55":3,"56":3,"57":3,"58":3,"59":1,"60":1,"61":1,"62":1,"63":2,"64":2,"65":2,"66":2,"67":2,"68":1,"69":1,"70":1,"71":1,"72":1,"73":0,"74":0,"75":0,"76":0,"77":0,"78":0,"79":1},"branchMap":{"0":{"type":"branch","line":5,"loc":{"start":{"line":5,"column":7},"end":{"line":80,"column":1}},"locations":[{"start":{"line":5,"column":7},"end":{"line":80,"column":1}}]},"1":{"type":"branch","line":12,"loc":{"start":{"line":12,"column":69},"end":{"line":12,"column":102}},"locations":[{"start":{"line":12,"column":69},"end":{"line":12,"column":102}}]},"2":{"type":"branch","line":27,"loc":{"start":{"line":27,"column":32},"end":{"line":59,"column":5}},"locations":[{"start":{"line":27,"column":32},"end":{"line":59,"column":5}}]},"3":{"type":"branch","line":29,"loc":{"start":{"line":29,"column":28},"end":{"line":29,"column":37}},"locations":[{"start":{"line":29,"column":28},"end":{"line":29,"column":37}}]},"4":{"type":"branch","line":34,"loc":{"start":{"line":34,"column":29},"end":{"line":34,"column":38}},"locations":[{"start":{"line":34,"column":29},"end":{"line":34,"column":38}}]},"5":{"type":"branch","line":36,"loc":{"start":{"line":36,"column":34},"end":{"line":42,"column":7}},"locations":[{"start":{"line":36,"column":34},"end":{"line":42,"column":7}}]},"6":{"type":"branch","line":73,"loc":{"start":{"line":73,"column":2},"end":{"line":79,"column":3}},"locations":[{"start":{"line":73,"column":2},"end":{"line":79,"column":3}}]},"7":{"type":"branch","line":21,"loc":{"start":{"line":21,"column":54},"end":{"line":21,"column":67}},"locations":[{"start":{"line":21,"column":54},"end":{"line":21,"column":67}}]},"8":{"type":"branch","line":28,"loc":{"start":{"line":28,"column":45},"end":{"line":28,"column":58}},"locations":[{"start":{"line":28,"column":45},"end":{"line":28,"column":58}}]},"9":{"type":"branch","line":48,"loc":{"start":{"line":48,"column":46},"end":{"line":51,"column":31}},"locations":[{"start":{"line":48,"column":46},"end":{"line":51,"column":31}}]},"10":{"type":"branch","line":63,"loc":{"start":{"line":63,"column":6},"end":{"line":68,"column":9}},"locations":[{"start":{"line":63,"column":6},"end":{"line":68,"column":9}}]},"11":{"type":"branch","line":72,"loc":{"start":{"line":72,"column":23},"end":{"line":72,"column":64}},"locations":[{"start":{"line":72,"column":23},"end":{"line":72,"column":64}}]}},"b":{"0":[1],"1":[0],"2":[3],"3":[0],"4":[0],"5":[2],"6":[0],"7":[4],"8":[8],"9":[3],"10":[2],"11":[1]},"fnMap":{"0":{"name":"createAuthorChart","decl":{"start":{"line":5,"column":7},"end":{"line":80,"column":1}},"loc":{"start":{"line":5,"column":7},"end":{"line":80,"column":1}},"line":5}},"f":{"0":1}}
,"/Users/vipulmalhotra/Documents/source/projects/gitaudit/src/analyzer/blame.ts": {"path":"/Users/vipulmalhotra/Documents/source/projects/gitaudit/src/analyzer/blame.ts","all":false,"statementMap":{"0":{"start":{"line":1,"column":0},"end":{"line":1,"column":57}},"1":{"start":{"line":2,"column":0},"end":{"line":2,"column":48}},"2":{"start":{"line":3,"column":0},"end":{"line":3,"column":38}},"3":{"start":{"line":4,"column":0},"end":{"line":4,"column":41}},"4":{"start":{"line":5,"column":0},"end":{"line":5,"column":33}},"5":{"start":{"line":6,"column":0},"end":{"line":6,"column":0}},"6":{"start":{"line":7,"column":0},"end":{"line":7,"column":77}},"7":{"start":{"line":8,"column":0},"end":{"line":8,"column":76}},"8":{"start":{"line":9,"column":0},"end":{"line":9,"column":34}},"9":{"start":{"line":10,"column":0},"end":{"line":10,"column":0}},"10":{"start":{"line":11,"column":0},"end":{"line":11,"column":66}},"11":{"start":{"line":12,"column":0},"end":{"line":12,"column":71}},"12":{"start":{"line":13,"column":0},"end":{"line":13,"column":73}},"13":{"start":{"line":14,"column":0},"end":{"line":14,"column":17}},"14":{"start":{"line":15,"column":0},"end":{"line":15,"column":1}},"15":{"start":{"line":16,"column":0},"end":{"line":16,"column":0}},"16":{"start":{"line":17,"column":0},"end":{"line":17,"column":29}},"17":{"start":{"line":18,"column":0},"end":{"line":18,"column":19}},"18":{"start":{"line":19,"column":0},"end":{"line":19,"column":19}},"19":{"start":{"line":20,"column":0},"end":{"line":20,"column":26}},"20":{"start":{"line":21,"column":0},"end":{"line":21,"column":14}},"21":{"start":{"line":22,"column":0},"end":{"line":22,"column":7}},"22":{"start":{"line":23,"column":0},"end":{"line":23,"column":40}},"23":{"start":{"line":24,"column":0},"end":{"line":24,"column":127}},"24":{"start":{"line":25,"column":0},"end":{"line":25,"column":68}},"25":{"start":{"line":26,"column":0},"end":{"line":26,"column":0}},"26":{"start":{"line":27,"column":0},"end":{"line":27,"column":73}},"27":{"start":{"line":28,"column":0},"end":{"line":28,"column":48}},"28":{"start":{"line":29,"column":0},"end":{"line":29,"column":57}},"29":{"start":{"line":30,"column":0},"end":{"line":30,"column":0}},"30":{"start":{"line":31,"column":0},"end":{"line":31,"column":33}},"31":{"start":{"line":32,"column":0},"end":{"line":32,"column":62}},"32":{"start":{"line":33,"column":0},"end":{"line":33,"column":39}},"33":{"start":{"line":34,"column":0},"end":{"line":34,"column":8}},"34":{"start":{"line":35,"column":0},"end":{"line":35,"column":84}},"35":{"start":{"line":36,"column":0},"end":{"line":36,"column":47}},"36":{"start":{"line":37,"column":0},"end":{"line":37,"column":39}},"37":{"start":{"line":38,"column":0},"end":{"line":38,"column":0}},"38":{"start":{"line":39,"column":0},"end":{"line":39,"column":64}},"39":{"start":{"line":40,"column":0},"end":{"line":40,"column":28}},"40":{"start":{"line":41,"column":0},"end":{"line":41,"column":17}},"41":{"start":{"line":42,"column":0},"end":{"line":42,"column":19}},"42":{"start":{"line":43,"column":0},"end":{"line":43,"column":17}},"43":{"start":{"line":44,"column":0},"end":{"line":44,"column":20}},"44":{"start":{"line":45,"column":0},"end":{"line":45,"column":41}},"45":{"start":{"line":46,"column":0},"end":{"line":46,"column":11}},"46":{"start":{"line":47,"column":0},"end":{"line":47,"column":5}},"47":{"start":{"line":48,"column":0},"end":{"line":48,"column":0}},"48":{"start":{"line":49,"column":0},"end":{"line":49,"column":76}},"49":{"start":{"line":50,"column":0},"end":{"line":50,"column":85}},"50":{"start":{"line":51,"column":0},"end":{"line":51,"column":34}},"51":{"start":{"line":52,"column":0},"end":{"line":52,"column":15}},"52":{"start":{"line":53,"column":0},"end":{"line":53,"column":23}},"53":{"start":{"line":54,"column":0},"end":{"line":54,"column":58}},"54":{"start":{"line":55,"column":0},"end":{"line":55,"column":9}},"55":{"start":{"line":56,"column":0},"end":{"line":56,"column":45}},"56":{"start":{"line":57,"column":0},"end":{"line":57,"column":0}},"57":{"start":{"line":58,"column":0},"end":{"line":58,"column":12}},"58":{"start":{"line":59,"column":0},"end":{"line":59,"column":26}},"59":{"start":{"line":60,"column":0},"end":{"line":60,"column":20}},"60":{"start":{"line":61,"column":0},"end":{"line":61,"column":6}},"61":{"start":{"line":62,"column":0},"end":{"line":62,"column":15}},"62":{"start":{"line":63,"column":0},"end":{"line":63,"column":12}},"63":{"start":{"line":64,"column":0},"end":{"line":64,"column":30}},"64":{"start":{"line":65,"column":0},"end":{"line":65,"column":24}},"65":{"start":{"line":66,"column":0},"end":{"line":66,"column":6}},"66":{"start":{"line":67,"column":0},"end":{"line":67,"column":3}},"67":{"start":{"line":68,"column":0},"end":{"line":68,"column":1}}},"s":{"0":1,"1":1,"2":1,"3":1,"4":1,"5":1,"6":1,"7":1,"8":1,"9":1,"10":1,"11":1,"12":1,"13":1,"14":1,"15":1,"16":1,"17":2,"18":2,"19":2,"20":2,"21":2,"22":2,"23":2,"24":2,"25":2,"26":2,"27":2,"28":2,"29":2,"30":2,"31":1,"32":1,"33":1,"34":1,"35":1,"36":1,"37":1,"38":1,"39":1,"40":1,"41":1,"42":1,"43":1,"44":1,"45":1,"46":1,"47":2,"48":2,"49":2,"50":2,"51":1,"52":1,"53":1,"54":2,"55":2,"56":2,"57":2,"58":2,"59":2,"60":2,"61":2,"62":0,"63":0,"64":0,"65":0,"66":0,"67":2},"branchMap":{"0":{"type":"branch","line":7,"loc":{"start":{"line":7,"column":0},"end":{"line":15,"column":1}},"locations":[{"start":{"line":7,"column":0},"end":{"line":15,"column":1}}]},"1":{"type":"branch","line":11,"loc":{"start":{"line":11,"column":53},"end":{"line":11,"column":66}},"locations":[{"start":{"line":11,"column":53},"end":{"line":11,"column":66}}]},"2":{"type":"branch","line":12,"loc":{"start":{"line":12,"column":54},"end":{"line":12,"column":71}},"locations":[{"start":{"line":12,"column":54},"end":{"line":12,"column":71}}]},"3":{"type":"branch","line":13,"loc":{"start":{"line":13,"column":55},"end":{"line":13,"column":73}},"locations":[{"start":{"line":13,"column":55},"end":{"line":13,"column":73}}]},"4":{"type":"branch","line":11,"loc":{"start":{"line":11,"column":26},"end":{"line":11,"column":50}},"locations":[{"start":{"line":11,"column":26},"end":{"line":11,"column":50}}]},"5":{"type":"branch","line":12,"loc":{"start":{"line":12,"column":27},"end":{"line":12,"column":51}},"locations":[{"start":{"line":12,"column":27},"end":{"line":12,"column":51}}]},"6":{"type":"branch","line":13,"loc":{"start":{"line":13,"column":28},"end":{"line":13,"column":52}},"locations":[{"start":{"line":13,"column":28},"end":{"line":13,"column":52}}]},"7":{"type":"branch","line":17,"loc":{"start":{"line":17,"column":7},"end":{"line":68,"column":1}},"locations":[{"start":{"line":17,"column":7},"end":{"line":68,"column":1}}]},"8":{"type":"branch","line":31,"loc":{"start":{"line":31,"column":32},"end":{"line":47,"column":5}},"locations":[{"start":{"line":31,"column":32},"end":{"line":47,"column":5}}]},"9":{"type":"branch","line":33,"loc":{"start":{"line":33,"column":30},"end":{"line":33,"column":39}},"locations":[{"start":{"line":33,"column":30},"end":{"line":33,"column":39}}]},"10":{"type":"branch","line":62,"loc":{"start":{"line":62,"column":2},"end":{"line":67,"column":3}},"locations":[{"start":{"line":62,"column":2},"end":{"line":67,"column":3}}]},"11":{"type":"branch","line":27,"loc":{"start":{"line":27,"column":58},"end":{"line":27,"column":71}},"locations":[{"start":{"line":27,"column":58},"end":{"line":27,"column":71}}]},"12":{"type":"branch","line":32,"loc":{"start":{"line":32,"column":47},"end":{"line":32,"column":60}},"locations":[{"start":{"line":32,"column":47},"end":{"line":32,"column":60}}]},"13":{"type":"branch","line":49,"loc":{"start":{"line":49,"column":56},"end":{"line":49,"column":73}},"locations":[{"start":{"line":49,"column":56},"end":{"line":49,"column":73}}]},"14":{"type":"branch","line":51,"loc":{"start":{"line":51,"column":11},"end":{"line":55,"column":8}},"locations":[{"start":{"line":51,"column":11},"end":{"line":55,"column":8}}]},"15":{"type":"branch","line":54,"loc":{"start":{"line":54,"column":50},"end":{"line":54,"column":58}},"locations":[{"start":{"line":54,"column":50},"end":{"line":54,"column":58}}]}},"b":{"0":[1],"1":[0],"2":[0],"3":[0],"4":[6],"5":[6],"6":[4],"7":[2],"8":[1],"9":[0],"10":[0],"11":[3],"12":[2],"13":[1],"14":[1],"15":[0]},"fnMap":{"0":{"name":"classifyCommit","decl":{"start":{"line":7,"column":0},"end":{"line":15,"column":1}},"loc":{"start":{"line":7,"column":0},"end":{"line":15,"column":1}},"line":7},"1":{"name":"getFileBlame","decl":{"start":{"line":17,"column":7},"end":{"line":68,"column":1}},"loc":{"start":{"line":17,"column":7},"end":{"line":68,"column":1}},"line":17}},"f":{"0":1,"1":2}}
,"/Users/vipulmalhotra/Documents/source/projects/gitaudit/src/analyzer/forbidden.ts": {"path":"/Users/vipulmalhotra/Documents/source/projects/gitaudit/src/analyzer/forbidden.ts","all":false,"statementMap":{"0":{"start":{"line":1,"column":0},"end":{"line":1,"column":59}},"1":{"start":{"line":2,"column":0},"end":{"line":2,"column":38}},"2":{"start":{"line":3,"column":0},"end":{"line":3,"column":0}},"3":{"start":{"line":4,"column":0},"end":{"line":4,"column":76}},"4":{"start":{"line":5,"column":0},"end":{"line":5,"column":65}},"5":{"start":{"line":6,"column":0},"end":{"line":6,"column":0}},"6":{"start":{"line":7,"column":0},"end":{"line":7,"column":40}},"7":{"start":{"line":8,"column":0},"end":{"line":8,"column":0}},"8":{"start":{"line":9,"column":0},"end":{"line":9,"column":29}},"9":{"start":{"line":10,"column":0},"end":{"line":10,"column":33}},"10":{"start":{"line":11,"column":0},"end":{"line":11,"column":27}},"11":{"start":{"line":12,"column":0},"end":{"line":12,"column":0}},"12":{"start":{"line":13,"column":0},"end":{"line":13,"column":36}},"13":{"start":{"line":14,"column":0},"end":{"line":14,"column":61}},"14":{"start":{"line":15,"column":0},"end":{"line":15,"column":19}},"15":{"start":{"line":16,"column":0},"end":{"line":16,"column":81}},"16":{"start":{"line":17,"column":0},"end":{"line":17,"column":8}},"17":{"start":{"line":18,"column":0},"end":{"line":18,"column":27}},"18":{"start":{"line":19,"column":0},"end":{"line":19,"column":5}},"19":{"start":{"line":20,"column":0},"end":{"line":20,"column":0}},"20":{"start":{"line":21,"column":0},"end":{"line":21,"column":32}},"21":{"start":{"line":22,"column":0},"end":{"line":22,"column":8}},"22":{"start":{"line":23,"column":0},"end":{"line":23,"column":53}},"23":{"start":{"line":24,"column":0},"end":{"line":24,"column":42}},"24":{"start":{"line":25,"column":0},"end":{"line":25,"column":7}},"25":{"start":{"line":26,"column":0},"end":{"line":26,"column":24}},"26":{"start":{"line":27,"column":0},"end":{"line":27,"column":71}},"27":{"start":{"line":28,"column":0},"end":{"line":28,"column":19}},"28":{"start":{"line":29,"column":0},"end":{"line":29,"column":81}},"29":{"start":{"line":30,"column":0},"end":{"line":30,"column":8}},"30":{"start":{"line":31,"column":0},"end":{"line":31,"column":27}},"31":{"start":{"line":32,"column":0},"end":{"line":32,"column":5}},"32":{"start":{"line":33,"column":0},"end":{"line":33,"column":0}},"33":{"start":{"line":34,"column":0},"end":{"line":34,"column":27}},"34":{"start":{"line":35,"column":0},"end":{"line":35,"column":8}},"35":{"start":{"line":36,"column":0},"end":{"line":36,"column":48}},"36":{"start":{"line":37,"column":0},"end":{"line":37,"column":29}},"37":{"start":{"line":38,"column":0},"end":{"line":38,"column":7}},"38":{"start":{"line":39,"column":0},"end":{"line":39,"column":19}},"39":{"start":{"line":40,"column":0},"end":{"line":40,"column":104}},"40":{"start":{"line":41,"column":0},"end":{"line":41,"column":8}},"41":{"start":{"line":42,"column":0},"end":{"line":42,"column":27}},"42":{"start":{"line":43,"column":0},"end":{"line":43,"column":5}},"43":{"start":{"line":44,"column":0},"end":{"line":44,"column":0}},"44":{"start":{"line":45,"column":0},"end":{"line":45,"column":47}},"45":{"start":{"line":46,"column":0},"end":{"line":46,"column":42}},"46":{"start":{"line":47,"column":0},"end":{"line":47,"column":19}},"47":{"start":{"line":48,"column":0},"end":{"line":48,"column":72}},"48":{"start":{"line":49,"column":0},"end":{"line":49,"column":8}},"49":{"start":{"line":50,"column":0},"end":{"line":50,"column":27}},"50":{"start":{"line":51,"column":0},"end":{"line":51,"column":5}},"51":{"start":{"line":52,"column":0},"end":{"line":52,"column":0}},"52":{"start":{"line":53,"column":0},"end":{"line":53,"column":80}},"53":{"start":{"line":54,"column":0},"end":{"line":54,"column":8}},"54":{"start":{"line":55,"column":0},"end":{"line":55,"column":28}},"55":{"start":{"line":56,"column":0},"end":{"line":56,"column":48}},"56":{"start":{"line":57,"column":0},"end":{"line":57,"column":42}},"57":{"start":{"line":58,"column":0},"end":{"line":58,"column":7}},"58":{"start":{"line":59,"column":0},"end":{"line":59,"column":22}},"59":{"start":{"line":60,"column":0},"end":{"line":60,"column":13}},"60":{"start":{"line":61,"column":0},"end":{"line":61,"column":16}},"61":{"start":{"line":62,"column":0},"end":{"line":62,"column":54}},"62":{"start":{"line":63,"column":0},"end":{"line":63,"column":9}},"63":{"start":{"line":64,"column":0},"end":{"line":64,"column":5}},"64":{"start":{"line":65,"column":0},"end":{"line":65,"column":3}},"65":{"start":{"line":66,"column":0},"end":{"line":66,"column":0}},"66":{"start":{"line":67,"column":0},"end":{"line":67,"column":39}},"67":{"start":{"line":68,"column":0},"end":{"line":68,"column":71}},"68":{"start":{"line":69,"column":0},"end":{"line":69,"column":1}}},"s":{"0":1,"1":1,"2":1,"3":1,"4":6,"5":6,"6":6,"7":6,"8":6,"9":6,"10":6,"11":6,"12":6,"13":6,"14":5,"15":5,"16":5,"17":5,"18":5,"19":6,"20":6,"21":6,"22":6,"23":5,"24":6,"25":5,"26":5,"27":5,"28":5,"29":5,"30":5,"31":5,"32":6,"33":6,"34":6,"35":6,"36":5,"37":6,"38":5,"39":5,"40":5,"41":5,"42":5,"43":6,"44":6,"45":6,"46":5,"47":5,"48":5,"49":5,"50":5,"51":6,"52":6,"53":6,"54":6,"55":5,"56":5,"57":6,"58":5,"59":5,"60":5,"61":5,"62":5,"63":5,"64":6,"65":6,"66":6,"67":6,"68":6},"branchMap":{"0":{"type":"branch","line":4,"loc":{"start":{"line":4,"column":7},"end":{"line":69,"column":1}},"locations":[{"start":{"line":4,"column":7},"end":{"line":69,"column":1}}]},"1":{"type":"branch","line":14,"loc":{"start":{"line":14,"column":60},"end":{"line":19,"column":5}},"locations":[{"start":{"line":14,"column":60},"end":{"line":19,"column":5}}]},"2":{"type":"branch","line":23,"loc":{"start":{"line":23,"column":40},"end":{"line":24,"column":42}},"locations":[{"start":{"line":23,"column":40},"end":{"line":24,"column":42}}]},"3":{"type":"branch","line":25,"loc":{"start":{"line":25,"column":6},"end":{"line":32,"column":5}},"locations":[{"start":{"line":25,"column":6},"end":{"line":32,"column":5}}]},"4":{"type":"branch","line":27,"loc":{"start":{"line":27,"column":42},"end":{"line":27,"column":71}},"locations":[{"start":{"line":27,"column":42},"end":{"line":27,"column":71}}]},"5":{"type":"branch","line":36,"loc":{"start":{"line":36,"column":31},"end":{"line":37,"column":29}},"locations":[{"start":{"line":36,"column":31},"end":{"line":37,"column":29}}]},"6":{"type":"branch","line":38,"loc":{"start":{"line":38,"column":6},"end":{"line":43,"column":5}},"locations":[{"start":{"line":38,"column":6},"end":{"line":43,"column":5}}]},"7":{"type":"branch","line":46,"loc":{"start":{"line":46,"column":41},"end":{"line":51,"column":5}},"locations":[{"start":{"line":46,"column":41},"end":{"line":51,"column":5}}]},"8":{"type":"branch","line":55,"loc":{"start":{"line":55,"column":24},"end":{"line":56,"column":48}},"locations":[{"start":{"line":55,"column":24},"end":{"line":56,"column":48}}]},"9":{"type":"branch","line":56,"loc":{"start":{"line":56,"column":31},"end":{"line":57,"column":42}},"locations":[{"start":{"line":56,"column":31},"end":{"line":57,"column":42}}]},"10":{"type":"branch","line":58,"loc":{"start":{"line":58,"column":6},"end":{"line":64,"column":5}},"locations":[{"start":{"line":58,"column":6},"end":{"line":64,"column":5}}]},"11":{"type":"branch","line":68,"loc":{"start":{"line":68,"column":24},"end":{"line":68,"column":69}},"locations":[{"start":{"line":68,"column":24},"end":{"line":68,"column":69}}]}},"b":{"0":[6],"1":[5],"2":[5],"3":[5],"4":[0],"5":[5],"6":[5],"7":[5],"8":[5],"9":[5],"10":[5],"11":[1]},"fnMap":{"0":{"name":"detectForbiddenFiles","decl":{"start":{"line":4,"column":7},"end":{"line":69,"column":1}},"loc":{"start":{"line":4,"column":7},"end":{"line":69,"column":1}},"line":4}},"f":{"0":6}}
,"/Users/vipulmalhotra/Documents/source/projects/gitaudit/src/analyzer/gitEngine.ts": {"path":"/Users/vipulmalhotra/Documents/source/projects/gitaudit/src/analyzer/gitEngine.ts","all":false,"statementMap":{"0":{"start":{"line":1,"column":0},"end":{"line":1,"column":41}},"1":{"start":{"line":2,"column":0},"end":{"line":2,"column":29}},"2":{"start":{"line":3,"column":0},"end":{"line":3,"column":50}},"3":{"start":{"line":4,"column":0},"end":{"line":4,"column":50}},"4":{"start":{"line":5,"column":0},"end":{"line":5,"column":38}},"5":{"start":{"line":6,"column":0},"end":{"line":6,"column":0}},"6":{"start":{"line":7,"column":0},"end":{"line":7,"column":45}},"7":{"start":{"line":8,"column":0},"end":{"line":8,"column":41}},"8":{"start":{"line":9,"column":0},"end":{"line":9,"column":38}},"9":{"start":{"line":10,"column":0},"end":{"line":10,"column":53}},"10":{"start":{"line":11,"column":0},"end":{"line":11,"column":1}},"11":{"start":{"line":12,"column":0},"end":{"line":12,"column":0}},"12":{"start":{"line":13,"column":0},"end":{"line":13,"column":56}},"13":{"start":{"line":14,"column":0},"end":{"line":14,"column":7}},"14":{"start":{"line":15,"column":0},"end":{"line":15,"column":46}},"15":{"start":{"line":16,"column":0},"end":{"line":16,"column":20}},"16":{"start":{"line":17,"column":0},"end":{"line":17,"column":24}},"17":{"start":{"line":18,"column":0},"end":{"line":18,"column":35}},"18":{"start":{"line":19,"column":0},"end":{"line":19,"column":37}},"19":{"start":{"line":20,"column":0},"end":{"line":20,"column":7}},"20":{"start":{"line":21,"column":0},"end":{"line":21,"column":20}},"21":{"start":{"line":22,"column":0},"end":{"line":22,"column":79}},"22":{"start":{"line":23,"column":0},"end":{"line":23,"column":3}},"23":{"start":{"line":24,"column":0},"end":{"line":24,"column":1}},"24":{"start":{"line":25,"column":0},"end":{"line":25,"column":0}},"25":{"start":{"line":26,"column":0},"end":{"line":26,"column":54}},"26":{"start":{"line":27,"column":0},"end":{"line":27,"column":7}},"27":{"start":{"line":28,"column":0},"end":{"line":28,"column":58}},"28":{"start":{"line":29,"column":0},"end":{"line":29,"column":16}},"29":{"start":{"line":30,"column":0},"end":{"line":30,"column":11}},"30":{"start":{"line":31,"column":0},"end":{"line":31,"column":17}},"31":{"start":{"line":32,"column":0},"end":{"line":32,"column":3}},"32":{"start":{"line":33,"column":0},"end":{"line":33,"column":1}},"33":{"start":{"line":34,"column":0},"end":{"line":34,"column":0}},"34":{"start":{"line":35,"column":0},"end":{"line":35,"column":60}},"35":{"start":{"line":36,"column":0},"end":{"line":36,"column":29}},"36":{"start":{"line":37,"column":0},"end":{"line":37,"column":57}},"37":{"start":{"line":38,"column":0},"end":{"line":38,"column":3}},"38":{"start":{"line":39,"column":0},"end":{"line":39,"column":69}},"39":{"start":{"line":40,"column":0},"end":{"line":40,"column":1}},"40":{"start":{"line":41,"column":0},"end":{"line":41,"column":0}},"41":{"start":{"line":42,"column":0},"end":{"line":42,"column":34}},"42":{"start":{"line":43,"column":0},"end":{"line":43,"column":19}},"43":{"start":{"line":44,"column":0},"end":{"line":44,"column":72}},"44":{"start":{"line":45,"column":0},"end":{"line":45,"column":25}},"45":{"start":{"line":46,"column":0},"end":{"line":46,"column":0}},"46":{"start":{"line":47,"column":0},"end":{"line":47,"column":29}},"47":{"start":{"line":48,"column":0},"end":{"line":48,"column":57}},"48":{"start":{"line":49,"column":0},"end":{"line":49,"column":3}},"49":{"start":{"line":50,"column":0},"end":{"line":50,"column":0}},"50":{"start":{"line":51,"column":0},"end":{"line":51,"column":59}},"51":{"start":{"line":52,"column":0},"end":{"line":52,"column":44}},"52":{"start":{"line":53,"column":0},"end":{"line":53,"column":32}},"53":{"start":{"line":54,"column":0},"end":{"line":54,"column":61}},"54":{"start":{"line":55,"column":0},"end":{"line":55,"column":4}},"55":{"start":{"line":56,"column":0},"end":{"line":56,"column":0}},"56":{"start":{"line":57,"column":0},"end":{"line":57,"column":80}},"57":{"start":{"line":58,"column":0},"end":{"line":58,"column":59}},"58":{"start":{"line":59,"column":0},"end":{"line":59,"column":69}},"59":{"start":{"line":60,"column":0},"end":{"line":60,"column":61}},"60":{"start":{"line":61,"column":0},"end":{"line":61,"column":0}},"61":{"start":{"line":62,"column":0},"end":{"line":62,"column":29}},"62":{"start":{"line":63,"column":0},"end":{"line":63,"column":10}},"63":{"start":{"line":64,"column":0},"end":{"line":64,"column":18}},"64":{"start":{"line":65,"column":0},"end":{"line":65,"column":59}},"65":{"start":{"line":66,"column":0},"end":{"line":66,"column":10}},"66":{"start":{"line":67,"column":0},"end":{"line":67,"column":5}},"67":{"start":{"line":68,"column":0},"end":{"line":68,"column":0}},"68":{"start":{"line":69,"column":0},"end":{"line":69,"column":50}},"69":{"start":{"line":70,"column":0},"end":{"line":70,"column":54}},"70":{"start":{"line":71,"column":0},"end":{"line":71,"column":0}},"71":{"start":{"line":72,"column":0},"end":{"line":72,"column":35}},"72":{"start":{"line":73,"column":0},"end":{"line":73,"column":25}},"73":{"start":{"line":74,"column":0},"end":{"line":74,"column":18}},"74":{"start":{"line":75,"column":0},"end":{"line":75,"column":21}},"75":{"start":{"line":76,"column":0},"end":{"line":76,"column":30}},"76":{"start":{"line":77,"column":0},"end":{"line":77,"column":7}},"77":{"start":{"line":78,"column":0},"end":{"line":78,"column":0}},"78":{"start":{"line":79,"column":0},"end":{"line":79,"column":40}},"79":{"start":{"line":80,"column":0},"end":{"line":80,"column":30}},"80":{"start":{"line":81,"column":0},"end":{"line":81,"column":0}},"81":{"start":{"line":82,"column":0},"end":{"line":82,"column":51}},"82":{"start":{"line":83,"column":0},"end":{"line":83,"column":67}},"83":{"start":{"line":84,"column":0},"end":{"line":84,"column":20}},"84":{"start":{"line":85,"column":0},"end":{"line":85,"column":0}},"85":{"start":{"line":86,"column":0},"end":{"line":86,"column":31}},"86":{"start":{"line":87,"column":0},"end":{"line":87,"column":71}},"87":{"start":{"line":88,"column":0},"end":{"line":88,"column":35}},"88":{"start":{"line":89,"column":0},"end":{"line":89,"column":0}},"89":{"start":{"line":90,"column":0},"end":{"line":90,"column":64}},"90":{"start":{"line":91,"column":0},"end":{"line":91,"column":47}},"91":{"start":{"line":92,"column":0},"end":{"line":92,"column":41}},"92":{"start":{"line":93,"column":0},"end":{"line":93,"column":0}},"93":{"start":{"line":94,"column":0},"end":{"line":94,"column":47}},"94":{"start":{"line":95,"column":0},"end":{"line":95,"column":0}},"95":{"start":{"line":96,"column":0},"end":{"line":96,"column":73}},"96":{"start":{"line":97,"column":0},"end":{"line":97,"column":46}},"97":{"start":{"line":98,"column":0},"end":{"line":98,"column":38}},"98":{"start":{"line":99,"column":0},"end":{"line":99,"column":38}},"99":{"start":{"line":100,"column":0},"end":{"line":100,"column":0}},"100":{"start":{"line":101,"column":0},"end":{"line":101,"column":27}},"101":{"start":{"line":102,"column":0},"end":{"line":102,"column":24}},"102":{"start":{"line":103,"column":0},"end":{"line":103,"column":0}},"103":{"start":{"line":104,"column":0},"end":{"line":104,"column":63}},"104":{"start":{"line":105,"column":0},"end":{"line":105,"column":51}},"105":{"start":{"line":106,"column":0},"end":{"line":106,"column":21}},"106":{"start":{"line":107,"column":0},"end":{"line":107,"column":32}},"107":{"start":{"line":108,"column":0},"end":{"line":108,"column":32}},"108":{"start":{"line":109,"column":0},"end":{"line":109,"column":27}},"109":{"start":{"line":110,"column":0},"end":{"line":110,"column":6}},"110":{"start":{"line":111,"column":0},"end":{"line":111,"column":0}},"111":{"start":{"line":112,"column":0},"end":{"line":112,"column":42}},"112":{"start":{"line":113,"column":0},"end":{"line":113,"column":61}},"113":{"start":{"line":114,"column":0},"end":{"line":114,"column":32}},"114":{"start":{"line":115,"column":0},"end":{"line":115,"column":0}},"115":{"start":{"line":116,"column":0},"end":{"line":116,"column":37}},"116":{"start":{"line":117,"column":0},"end":{"line":117,"column":33}},"117":{"start":{"line":118,"column":0},"end":{"line":118,"column":35}},"118":{"start":{"line":119,"column":0},"end":{"line":119,"column":28}},"119":{"start":{"line":120,"column":0},"end":{"line":120,"column":27}},"120":{"start":{"line":121,"column":0},"end":{"line":121,"column":35}},"121":{"start":{"line":122,"column":0},"end":{"line":122,"column":11}},"122":{"start":{"line":123,"column":0},"end":{"line":123,"column":7}},"123":{"start":{"line":124,"column":0},"end":{"line":124,"column":0}},"124":{"start":{"line":125,"column":0},"end":{"line":125,"column":45}},"125":{"start":{"line":126,"column":0},"end":{"line":126,"column":32}},"126":{"start":{"line":127,"column":0},"end":{"line":127,"column":29}},"127":{"start":{"line":128,"column":0},"end":{"line":128,"column":35}},"128":{"start":{"line":129,"column":0},"end":{"line":129,"column":34}},"129":{"start":{"line":130,"column":0},"end":{"line":130,"column":5}},"130":{"start":{"line":131,"column":0},"end":{"line":131,"column":0}},"131":{"start":{"line":132,"column":0},"end":{"line":132,"column":16}},"132":{"start":{"line":133,"column":0},"end":{"line":133,"column":32}},"133":{"start":{"line":134,"column":0},"end":{"line":134,"column":66}},"134":{"start":{"line":135,"column":0},"end":{"line":135,"column":5}},"135":{"start":{"line":136,"column":0},"end":{"line":136,"column":3}},"136":{"start":{"line":137,"column":0},"end":{"line":137,"column":0}},"137":{"start":{"line":138,"column":0},"end":{"line":138,"column":61}},"138":{"start":{"line":139,"column":0},"end":{"line":139,"column":50}},"139":{"start":{"line":140,"column":0},"end":{"line":140,"column":49}},"140":{"start":{"line":141,"column":0},"end":{"line":141,"column":31}},"141":{"start":{"line":142,"column":0},"end":{"line":142,"column":81}},"142":{"start":{"line":143,"column":0},"end":{"line":143,"column":4}},"143":{"start":{"line":144,"column":0},"end":{"line":144,"column":0}},"144":{"start":{"line":145,"column":0},"end":{"line":145,"column":38}},"145":{"start":{"line":146,"column":0},"end":{"line":146,"column":61}},"146":{"start":{"line":147,"column":0},"end":{"line":147,"column":0}},"147":{"start":{"line":148,"column":0},"end":{"line":148,"column":27}},"148":{"start":{"line":149,"column":0},"end":{"line":149,"column":34}},"149":{"start":{"line":150,"column":0},"end":{"line":150,"column":14}},"150":{"start":{"line":151,"column":0},"end":{"line":151,"column":0}},"151":{"start":{"line":152,"column":0},"end":{"line":152,"column":53}},"152":{"start":{"line":153,"column":0},"end":{"line":153,"column":66}},"153":{"start":{"line":154,"column":0},"end":{"line":154,"column":38}},"154":{"start":{"line":155,"column":0},"end":{"line":155,"column":15}},"155":{"start":{"line":156,"column":0},"end":{"line":156,"column":5}},"156":{"start":{"line":157,"column":0},"end":{"line":157,"column":0}},"157":{"start":{"line":158,"column":0},"end":{"line":158,"column":85}},"158":{"start":{"line":159,"column":0},"end":{"line":159,"column":38}},"159":{"start":{"line":160,"column":0},"end":{"line":160,"column":54}},"160":{"start":{"line":161,"column":0},"end":{"line":161,"column":0}},"161":{"start":{"line":162,"column":0},"end":{"line":162,"column":43}},"162":{"start":{"line":163,"column":0},"end":{"line":163,"column":61}},"163":{"start":{"line":164,"column":0},"end":{"line":164,"column":6}},"164":{"start":{"line":165,"column":0},"end":{"line":165,"column":33}},"165":{"start":{"line":166,"column":0},"end":{"line":166,"column":62}},"166":{"start":{"line":167,"column":0},"end":{"line":167,"column":6}},"167":{"start":{"line":168,"column":0},"end":{"line":168,"column":52}},"168":{"start":{"line":169,"column":0},"end":{"line":169,"column":44}},"169":{"start":{"line":170,"column":0},"end":{"line":170,"column":66}},"170":{"start":{"line":171,"column":0},"end":{"line":171,"column":10}},"171":{"start":{"line":172,"column":0},"end":{"line":172,"column":0}},"172":{"start":{"line":173,"column":0},"end":{"line":173,"column":16}},"173":{"start":{"line":174,"column":0},"end":{"line":174,"column":21}},"174":{"start":{"line":175,"column":0},"end":{"line":175,"column":44}},"175":{"start":{"line":176,"column":0},"end":{"line":176,"column":52}},"176":{"start":{"line":177,"column":0},"end":{"line":177,"column":21}},"177":{"start":{"line":178,"column":0},"end":{"line":178,"column":26}},"178":{"start":{"line":179,"column":0},"end":{"line":179,"column":22}},"179":{"start":{"line":180,"column":0},"end":{"line":180,"column":16}},"180":{"start":{"line":181,"column":0},"end":{"line":181,"column":41}},"181":{"start":{"line":182,"column":0},"end":{"line":182,"column":18}},"182":{"start":{"line":183,"column":0},"end":{"line":183,"column":7}},"183":{"start":{"line":184,"column":0},"end":{"line":184,"column":0}},"184":{"start":{"line":185,"column":0},"end":{"line":185,"column":10}},"185":{"start":{"line":186,"column":0},"end":{"line":186,"column":26}},"186":{"start":{"line":187,"column":0},"end":{"line":187,"column":67}},"187":{"start":{"line":188,"column":0},"end":{"line":188,"column":5}},"188":{"start":{"line":189,"column":0},"end":{"line":189,"column":3}},"189":{"start":{"line":190,"column":0},"end":{"line":190,"column":0}},"190":{"start":{"line":191,"column":0},"end":{"line":191,"column":52}},"191":{"start":{"line":192,"column":0},"end":{"line":192,"column":0}},"192":{"start":{"line":193,"column":0},"end":{"line":193,"column":78}},"193":{"start":{"line":194,"column":0},"end":{"line":194,"column":0}},"194":{"start":{"line":195,"column":0},"end":{"line":195,"column":10}},"195":{"start":{"line":196,"column":0},"end":{"line":196,"column":13}},"196":{"start":{"line":197,"column":0},"end":{"line":197,"column":17}},"197":{"start":{"line":198,"column":0},"end":{"line":198,"column":29}},"198":{"start":{"line":199,"column":0},"end":{"line":199,"column":42}},"199":{"start":{"line":200,"column":0},"end":{"line":200,"column":34}},"200":{"start":{"line":201,"column":0},"end":{"line":201,"column":55}},"201":{"start":{"line":202,"column":0},"end":{"line":202,"column":10}},"202":{"start":{"line":203,"column":0},"end":{"line":203,"column":4}},"203":{"start":{"line":204,"column":0},"end":{"line":204,"column":1}},"204":{"start":{"line":205,"column":0},"end":{"line":205,"column":0}},"205":{"start":{"line":206,"column":0},"end":{"line":206,"column":0}},"206":{"start":{"line":207,"column":0},"end":{"line":207,"column":79}},"207":{"start":{"line":208,"column":0},"end":{"line":208,"column":0}},"208":{"start":{"line":209,"column":0},"end":{"line":209,"column":40}},"209":{"start":{"line":210,"column":0},"end":{"line":210,"column":4}},"210":{"start":{"line":211,"column":0},"end":{"line":211,"column":43}},"211":{"start":{"line":212,"column":0},"end":{"line":212,"column":26}},"212":{"start":{"line":213,"column":0},"end":{"line":213,"column":4}},"213":{"start":{"line":214,"column":0},"end":{"line":214,"column":4}}},"s":{"0":1,"1":1,"2":1,"3":1,"4":1,"5":1,"6":2,"7":2,"8":2,"9":2,"10":2,"11":1,"12":8,"13":8,"14":8,"15":8,"16":8,"17":8,"18":8,"19":8,"20":8,"21":0,"22":0,"23":8,"24":1,"25":1,"26":2,"27":2,"28":2,"29":2,"30":0,"31":0,"32":2,"33":1,"34":1,"35":0,"36":0,"37":0,"38":0,"39":0,"40":1,"41":2,"42":2,"43":2,"44":2,"45":2,"46":2,"47":0,"48":0,"49":2,"50":2,"51":2,"52":2,"53":2,"54":2,"55":2,"56":2,"57":2,"58":2,"59":2,"60":2,"61":2,"62":2,"63":2,"64":2,"65":2,"66":2,"67":2,"68":2,"69":2,"70":2,"71":2,"72":2,"73":2,"74":2,"75":2,"76":2,"77":2,"78":2,"79":2,"80":2,"81":2,"82":2,"83":2,"84":2,"85":2,"86":2,"87":2,"88":2,"89":2,"90":2,"91":2,"92":2,"93":2,"94":2,"95":2,"96":2,"97":2,"98":2,"99":2,"100":2,"101":2,"102":2,"103":2,"104":2,"105":2,"106":2,"107":2,"108":2,"109":2,"110":2,"111":2,"112":2,"113":2,"114":2,"115":2,"116":1,"117":1,"118":1,"119":1,"120":1,"121":1,"122":1,"123":2,"124":2,"125":2,"126":2,"127":2,"128":2,"129":2,"130":2,"131":2,"132":2,"133":0,"134":0,"135":2,"136":2,"137":2,"138":2,"139":2,"140":2,"141":2,"142":2,"143":2,"144":2,"145":2,"146":2,"147":2,"148":2,"149":2,"150":2,"151":2,"152":1,"153":1,"154":0,"155":0,"156":1,"157":1,"158":1,"159":1,"160":1,"161":1,"162":1,"163":1,"164":1,"165":1,"166":1,"167":1,"168":1,"169":1,"170":0,"171":1,"172":1,"173":1,"174":1,"175":1,"176":1,"177":1,"178":1,"179":1,"180":1,"181":1,"182":1,"183":1,"184":1,"185":1,"186":0,"187":0,"188":1,"189":2,"190":2,"191":2,"192":2,"193":2,"194":2,"195":2,"196":2,"197":2,"198":2,"199":2,"200":2,"201":2,"202":2,"203":2,"204":1,"205":1,"206":1,"207":1,"208":1,"209":1,"210":1,"211":1,"212":1,"213":1},"branchMap":{"0":{"type":"branch","line":7,"loc":{"start":{"line":7,"column":0},"end":{"line":11,"column":1}},"locations":[{"start":{"line":7,"column":0},"end":{"line":11,"column":1}}]},"1":{"type":"branch","line":10,"loc":{"start":{"line":10,"column":29},"end":{"line":10,"column":51}},"locations":[{"start":{"line":10,"column":29},"end":{"line":10,"column":51}}]},"2":{"type":"branch","line":13,"loc":{"start":{"line":13,"column":0},"end":{"line":24,"column":1}},"locations":[{"start":{"line":13,"column":0},"end":{"line":24,"column":1}}]},"3":{"type":"branch","line":21,"loc":{"start":{"line":21,"column":2},"end":{"line":23,"column":3}},"locations":[{"start":{"line":21,"column":2},"end":{"line":23,"column":3}}]},"4":{"type":"branch","line":26,"loc":{"start":{"line":26,"column":7},"end":{"line":33,"column":1}},"locations":[{"start":{"line":26,"column":7},"end":{"line":33,"column":1}}]},"5":{"type":"branch","line":30,"loc":{"start":{"line":30,"column":2},"end":{"line":32,"column":3}},"locations":[{"start":{"line":30,"column":2},"end":{"line":32,"column":3}}]},"6":{"type":"branch","line":42,"loc":{"start":{"line":42,"column":0},"end":{"line":204,"column":1}},"locations":[{"start":{"line":42,"column":0},"end":{"line":204,"column":1}}]},"7":{"type":"branch","line":47,"loc":{"start":{"line":47,"column":28},"end":{"line":49,"column":3}},"locations":[{"start":{"line":47,"column":28},"end":{"line":49,"column":3}}]},"8":{"type":"branch","line":52,"loc":{"start":{"line":52,"column":2},"end":{"line":52,"column":44}},"locations":[{"start":{"line":52,"column":2},"end":{"line":52,"column":44}}]},"9":{"type":"branch","line":60,"loc":{"start":{"line":60,"column":2},"end":{"line":60,"column":61}},"locations":[{"start":{"line":60,"column":2},"end":{"line":60,"column":61}}]},"10":{"type":"branch","line":70,"loc":{"start":{"line":70,"column":2},"end":{"line":70,"column":54}},"locations":[{"start":{"line":70,"column":2},"end":{"line":70,"column":54}}]},"11":{"type":"branch","line":88,"loc":{"start":{"line":88,"column":26},"end":{"line":88,"column":35}},"locations":[{"start":{"line":88,"column":26},"end":{"line":88,"column":35}}]},"12":{"type":"branch","line":92,"loc":{"start":{"line":92,"column":32},"end":{"line":92,"column":41}},"locations":[{"start":{"line":92,"column":32},"end":{"line":92,"column":41}}]},"13":{"type":"branch","line":114,"loc":{"start":{"line":114,"column":23},"end":{"line":114,"column":32}},"locations":[{"start":{"line":114,"column":23},"end":{"line":114,"column":32}}]},"14":{"type":"branch","line":116,"loc":{"start":{"line":116,"column":36},"end":{"line":123,"column":7}},"locations":[{"start":{"line":116,"column":36},"end":{"line":123,"column":7}}]},"15":{"type":"branch","line":129,"loc":{"start":{"line":129,"column":17},"end":{"line":129,"column":34}},"locations":[{"start":{"line":129,"column":17},"end":{"line":129,"column":34}}]},"16":{"type":"branch","line":133,"loc":{"start":{"line":133,"column":31},"end":{"line":135,"column":5}},"locations":[{"start":{"line":133,"column":31},"end":{"line":135,"column":5}}]},"17":{"type":"branch","line":139,"loc":{"start":{"line":139,"column":2},"end":{"line":139,"column":50}},"locations":[{"start":{"line":139,"column":2},"end":{"line":139,"column":50}}]},"18":{"type":"branch","line":146,"loc":{"start":{"line":146,"column":2},"end":{"line":146,"column":61}},"locations":[{"start":{"line":146,"column":2},"end":{"line":146,"column":61}}]},"19":{"type":"branch","line":152,"loc":{"start":{"line":152,"column":52},"end":{"line":189,"column":3}},"locations":[{"start":{"line":152,"column":52},"end":{"line":189,"column":3}}]},"20":{"type":"branch","line":154,"loc":{"start":{"line":154,"column":37},"end":{"line":156,"column":5}},"locations":[{"start":{"line":154,"column":37},"end":{"line":156,"column":5}}]},"21":{"type":"branch","line":170,"loc":{"start":{"line":170,"column":63},"end":{"line":171,"column":10}},"locations":[{"start":{"line":170,"column":63},"end":{"line":171,"column":10}}]},"22":{"type":"branch","line":186,"loc":{"start":{"line":186,"column":25},"end":{"line":188,"column":5}},"locations":[{"start":{"line":186,"column":25},"end":{"line":188,"column":5}}]},"23":{"type":"branch","line":191,"loc":{"start":{"line":191,"column":2},"end":{"line":191,"column":52}},"locations":[{"start":{"line":191,"column":2},"end":{"line":191,"column":52}}]},"24":{"type":"branch","line":83,"loc":{"start":{"line":83,"column":52},"end":{"line":83,"column":65}},"locations":[{"start":{"line":83,"column":52},"end":{"line":83,"column":65}}]},"25":{"type":"branch","line":87,"loc":{"start":{"line":87,"column":40},"end":{"line":87,"column":53}},"locations":[{"start":{"line":87,"column":40},"end":{"line":87,"column":53}}]},"26":{"type":"branch","line":105,"loc":{"start":{"line":105,"column":47},"end":{"line":109,"column":27}},"locations":[{"start":{"line":105,"column":47},"end":{"line":109,"column":27}}]},"27":{"type":"branch","line":142,"loc":{"start":{"line":142,"column":31},"end":{"line":142,"column":64}},"locations":[{"start":{"line":142,"column":31},"end":{"line":142,"column":64}}]},"28":{"type":"branch","line":158,"loc":{"start":{"line":158,"column":48},"end":{"line":158,"column":83}},"locations":[{"start":{"line":158,"column":48},"end":{"line":158,"column":83}}]},"29":{"type":"branch","line":193,"loc":{"start":{"line":193,"column":41},"end":{"line":193,"column":76}},"locations":[{"start":{"line":193,"column":41},"end":{"line":193,"column":76}}]}},"b":{"0":[2],"1":[7],"2":[8],"3":[0],"4":[2],"5":[0],"6":[2],"7":[0],"8":[0],"9":[0],"10":[0],"11":[0],"12":[0],"13":[0],"14":[1],"15":[1],"16":[0],"17":[0],"18":[0],"19":[1],"20":[0],"21":[0],"22":[0],"23":[0],"24":[4],"25":[5],"26":[2],"27":[5],"28":[1],"29":[1]},"fnMap":{"0":{"name":"isBugFix","decl":{"start":{"line":7,"column":0},"end":{"line":11,"column":1}},"loc":{"start":{"line":7,"column":0},"end":{"line":11,"column":1}},"line":7},"1":{"name":"git","decl":{"start":{"line":13,"column":0},"end":{"line":24,"column":1}},"loc":{"start":{"line":13,"column":0},"end":{"line":24,"column":1}},"line":13},"2":{"name":"isGitRepo","decl":{"start":{"line":26,"column":7},"end":{"line":33,"column":1}},"loc":{"start":{"line":26,"column":7},"end":{"line":33,"column":1}},"line":26},"3":{"name":"getCurrentBranch","decl":{"start":{"line":35,"column":7},"end":{"line":40,"column":1}},"loc":{"start":{"line":35,"column":7},"end":{"line":40,"column":1}},"line":35},"4":{"name":"analyzeRepo","decl":{"start":{"line":42,"column":0},"end":{"line":204,"column":1}},"loc":{"start":{"line":42,"column":0},"end":{"line":204,"column":1}},"line":42}},"f":{"0":2,"1":8,"2":2,"3":0,"4":2}}
,"/Users/vipulmalhotra/Documents/source/projects/gitaudit/src/analyzer/scorer.ts": {"path":"/Users/vipulmalhotra/Documents/source/projects/gitaudit/src/analyzer/scorer.ts","all":false,"statementMap":{"0":{"start":{"line":1,"column":0},"end":{"line":1,"column":50}},"1":{"start":{"line":2,"column":0},"end":{"line":2,"column":49}},"2":{"start":{"line":3,"column":0},"end":{"line":3,"column":38}},"3":{"start":{"line":4,"column":0},"end":{"line":4,"column":0}},"4":{"start":{"line":5,"column":0},"end":{"line":5,"column":0}},"5":{"start":{"line":6,"column":0},"end":{"line":6,"column":59}},"6":{"start":{"line":7,"column":0},"end":{"line":7,"column":50}},"7":{"start":{"line":8,"column":0},"end":{"line":8,"column":60}},"8":{"start":{"line":9,"column":0},"end":{"line":9,"column":1}},"9":{"start":{"line":10,"column":0},"end":{"line":10,"column":0}},"10":{"start":{"line":11,"column":0},"end":{"line":11,"column":65}},"11":{"start":{"line":12,"column":0},"end":{"line":12,"column":54}},"12":{"start":{"line":13,"column":0},"end":{"line":13,"column":35}},"13":{"start":{"line":14,"column":0},"end":{"line":14,"column":34}},"14":{"start":{"line":15,"column":0},"end":{"line":15,"column":0}},"15":{"start":{"line":16,"column":0},"end":{"line":16,"column":52}},"16":{"start":{"line":17,"column":0},"end":{"line":17,"column":1}},"17":{"start":{"line":18,"column":0},"end":{"line":18,"column":0}},"18":{"start":{"line":19,"column":0},"end":{"line":19,"column":51}},"19":{"start":{"line":20,"column":0},"end":{"line":20,"column":66}},"20":{"start":{"line":21,"column":0},"end":{"line":21,"column":33}},"21":{"start":{"line":22,"column":0},"end":{"line":22,"column":58}},"22":{"start":{"line":23,"column":0},"end":{"line":23,"column":0}},"23":{"start":{"line":24,"column":0},"end":{"line":24,"column":57}},"24":{"start":{"line":25,"column":0},"end":{"line":25,"column":1}},"25":{"start":{"line":26,"column":0},"end":{"line":26,"column":0}},"26":{"start":{"line":27,"column":0},"end":{"line":27,"column":80}},"27":{"start":{"line":28,"column":0},"end":{"line":28,"column":73}},"28":{"start":{"line":29,"column":0},"end":{"line":29,"column":32}},"29":{"start":{"line":30,"column":0},"end":{"line":30,"column":57}},"30":{"start":{"line":31,"column":0},"end":{"line":31,"column":57}},"31":{"start":{"line":32,"column":0},"end":{"line":32,"column":1}},"32":{"start":{"line":33,"column":0},"end":{"line":33,"column":0}},"33":{"start":{"line":34,"column":0},"end":{"line":34,"column":67}},"34":{"start":{"line":35,"column":0},"end":{"line":35,"column":37}},"35":{"start":{"line":36,"column":0},"end":{"line":36,"column":33}},"36":{"start":{"line":37,"column":0},"end":{"line":37,"column":35}},"37":{"start":{"line":38,"column":0},"end":{"line":38,"column":32}},"38":{"start":{"line":39,"column":0},"end":{"line":39,"column":0}},"39":{"start":{"line":40,"column":0},"end":{"line":40,"column":16}},"40":{"start":{"line":41,"column":0},"end":{"line":41,"column":1}},"41":{"start":{"line":42,"column":0},"end":{"line":42,"column":0}},"42":{"start":{"line":43,"column":0},"end":{"line":43,"column":58}},"43":{"start":{"line":44,"column":0},"end":{"line":44,"column":41}},"44":{"start":{"line":45,"column":0},"end":{"line":45,"column":0}},"45":{"start":{"line":46,"column":0},"end":{"line":46,"column":46}},"46":{"start":{"line":47,"column":0},"end":{"line":47,"column":17}},"47":{"start":{"line":48,"column":0},"end":{"line":48,"column":45}},"48":{"start":{"line":49,"column":0},"end":{"line":49,"column":3}},"49":{"start":{"line":50,"column":0},"end":{"line":50,"column":15}},"50":{"start":{"line":51,"column":0},"end":{"line":51,"column":1}},"51":{"start":{"line":52,"column":0},"end":{"line":52,"column":0}},"52":{"start":{"line":53,"column":0},"end":{"line":53,"column":64}},"53":{"start":{"line":54,"column":0},"end":{"line":54,"column":48}},"54":{"start":{"line":55,"column":0},"end":{"line":55,"column":30}},"55":{"start":{"line":56,"column":0},"end":{"line":56,"column":23}},"56":{"start":{"line":57,"column":0},"end":{"line":57,"column":54}},"57":{"start":{"line":58,"column":0},"end":{"line":58,"column":59}},"58":{"start":{"line":59,"column":0},"end":{"line":59,"column":70}},"59":{"start":{"line":60,"column":0},"end":{"line":60,"column":67}},"60":{"start":{"line":61,"column":0},"end":{"line":61,"column":6}},"61":{"start":{"line":62,"column":0},"end":{"line":62,"column":0}},"62":{"start":{"line":63,"column":0},"end":{"line":63,"column":33}},"63":{"start":{"line":64,"column":0},"end":{"line":64,"column":37}},"64":{"start":{"line":65,"column":0},"end":{"line":65,"column":43}},"65":{"start":{"line":66,"column":0},"end":{"line":66,"column":43}},"66":{"start":{"line":67,"column":0},"end":{"line":67,"column":42}},"67":{"start":{"line":68,"column":0},"end":{"line":68,"column":6}},"68":{"start":{"line":69,"column":0},"end":{"line":69,"column":0}},"69":{"start":{"line":70,"column":0},"end":{"line":70,"column":36}},"70":{"start":{"line":71,"column":0},"end":{"line":71,"column":23}},"71":{"start":{"line":72,"column":0},"end":{"line":72,"column":14}},"72":{"start":{"line":73,"column":0},"end":{"line":73,"column":16}},"73":{"start":{"line":74,"column":0},"end":{"line":74,"column":20}},"74":{"start":{"line":75,"column":0},"end":{"line":75,"column":49}},"75":{"start":{"line":76,"column":0},"end":{"line":76,"column":34}},"76":{"start":{"line":77,"column":0},"end":{"line":77,"column":8}},"77":{"start":{"line":78,"column":0},"end":{"line":78,"column":5}},"78":{"start":{"line":79,"column":0},"end":{"line":79,"column":0}},"79":{"start":{"line":80,"column":0},"end":{"line":80,"column":12}},"80":{"start":{"line":81,"column":0},"end":{"line":81,"column":14}},"81":{"start":{"line":82,"column":0},"end":{"line":82,"column":18}},"82":{"start":{"line":83,"column":0},"end":{"line":83,"column":47}},"83":{"start":{"line":84,"column":0},"end":{"line":84,"column":32}},"84":{"start":{"line":85,"column":0},"end":{"line":85,"column":6}},"85":{"start":{"line":86,"column":0},"end":{"line":86,"column":5}},"86":{"start":{"line":87,"column":0},"end":{"line":87,"column":1}}},"s":{"0":1,"1":1,"2":1,"3":1,"4":1,"5":1,"6":17,"7":17,"8":17,"9":1,"10":1,"11":17,"12":17,"13":17,"14":4,"15":4,"16":4,"17":1,"18":1,"19":17,"20":17,"21":17,"22":17,"23":17,"24":17,"25":1,"26":1,"27":17,"28":17,"29":14,"30":14,"31":14,"32":1,"33":17,"34":17,"35":17,"36":17,"37":17,"38":7,"39":7,"40":7,"41":1,"42":17,"43":17,"44":17,"45":17,"46":17,"47":17,"48":17,"49":0,"50":0,"51":1,"52":1,"53":13,"54":13,"55":17,"56":17,"57":17,"58":17,"59":17,"60":17,"61":17,"62":17,"63":17,"64":17,"65":17,"66":17,"67":17,"68":17,"69":17,"70":2,"71":2,"72":2,"73":2,"74":2,"75":2,"76":2,"77":2,"78":15,"79":15,"80":15,"81":15,"82":15,"83":15,"84":15,"85":13,"86":13},"branchMap":{"0":{"type":"branch","line":7,"loc":{"start":{"line":7,"column":0},"end":{"line":9,"column":1}},"locations":[{"start":{"line":7,"column":0},"end":{"line":9,"column":1}}]},"1":{"type":"branch","line":12,"loc":{"start":{"line":12,"column":0},"end":{"line":17,"column":1}},"locations":[{"start":{"line":12,"column":0},"end":{"line":17,"column":1}}]},"2":{"type":"branch","line":13,"loc":{"start":{"line":13,"column":24},"end":{"line":13,"column":35}},"locations":[{"start":{"line":13,"column":24},"end":{"line":13,"column":35}}]},"3":{"type":"branch","line":13,"loc":{"start":{"line":13,"column":31},"end":{"line":14,"column":32}},"locations":[{"start":{"line":13,"column":31},"end":{"line":14,"column":32}}]},"4":{"type":"branch","line":14,"loc":{"start":{"line":14,"column":25},"end":{"line":14,"column":34}},"locations":[{"start":{"line":14,"column":25},"end":{"line":14,"column":34}}]},"5":{"type":"branch","line":14,"loc":{"start":{"line":14,"column":32},"end":{"line":17,"column":1}},"locations":[{"start":{"line":14,"column":32},"end":{"line":17,"column":1}}]},"6":{"type":"branch","line":20,"loc":{"start":{"line":20,"column":0},"end":{"line":25,"column":1}},"locations":[{"start":{"line":20,"column":0},"end":{"line":25,"column":1}}]},"7":{"type":"branch","line":28,"loc":{"start":{"line":28,"column":0},"end":{"line":32,"column":1}},"locations":[{"start":{"line":28,"column":0},"end":{"line":32,"column":1}}]},"8":{"type":"branch","line":29,"loc":{"start":{"line":29,"column":23},"end":{"line":29,"column":32}},"locations":[{"start":{"line":29,"column":23},"end":{"line":29,"column":32}}]},"9":{"type":"branch","line":29,"loc":{"start":{"line":29,"column":30},"end":{"line":32,"column":1}},"locations":[{"start":{"line":29,"column":30},"end":{"line":32,"column":1}}]},"10":{"type":"branch","line":34,"loc":{"start":{"line":34,"column":0},"end":{"line":41,"column":1}},"locations":[{"start":{"line":34,"column":0},"end":{"line":41,"column":1}}]},"11":{"type":"branch","line":35,"loc":{"start":{"line":35,"column":19},"end":{"line":35,"column":37}},"locations":[{"start":{"line":35,"column":19},"end":{"line":35,"column":37}}]},"12":{"type":"branch","line":35,"loc":{"start":{"line":35,"column":26},"end":{"line":36,"column":26}},"locations":[{"start":{"line":35,"column":26},"end":{"line":36,"column":26}}]},"13":{"type":"branch","line":36,"loc":{"start":{"line":36,"column":19},"end":{"line":36,"column":33}},"locations":[{"start":{"line":36,"column":19},"end":{"line":36,"column":33}}]},"14":{"type":"branch","line":36,"loc":{"start":{"line":36,"column":26},"end":{"line":37,"column":26}},"locations":[{"start":{"line":36,"column":26},"end":{"line":37,"column":26}}]},"15":{"type":"branch","line":37,"loc":{"start":{"line":37,"column":19},"end":{"line":37,"column":35}},"locations":[{"start":{"line":37,"column":19},"end":{"line":37,"column":35}}]},"16":{"type":"branch","line":37,"loc":{"start":{"line":37,"column":26},"end":{"line":38,"column":26}},"locations":[{"start":{"line":37,"column":26},"end":{"line":38,"column":26}}]},"17":{"type":"branch","line":38,"loc":{"start":{"line":38,"column":19},"end":{"line":38,"column":32}},"locations":[{"start":{"line":38,"column":19},"end":{"line":38,"column":32}}]},"18":{"type":"branch","line":38,"loc":{"start":{"line":38,"column":26},"end":{"line":41,"column":1}},"locations":[{"start":{"line":38,"column":26},"end":{"line":41,"column":1}}]},"19":{"type":"branch","line":43,"loc":{"start":{"line":43,"column":0},"end":{"line":51,"column":1}},"locations":[{"start":{"line":43,"column":0},"end":{"line":51,"column":1}}]},"20":{"type":"branch","line":49,"loc":{"start":{"line":49,"column":2},"end":{"line":51,"column":1}},"locations":[{"start":{"line":49,"column":2},"end":{"line":51,"column":1}}]},"21":{"type":"branch","line":53,"loc":{"start":{"line":53,"column":7},"end":{"line":87,"column":1}},"locations":[{"start":{"line":53,"column":7},"end":{"line":87,"column":1}}]},"22":{"type":"branch","line":55,"loc":{"start":{"line":55,"column":19},"end":{"line":86,"column":3}},"locations":[{"start":{"line":55,"column":19},"end":{"line":86,"column":3}}]},"23":{"type":"branch","line":70,"loc":{"start":{"line":70,"column":35},"end":{"line":78,"column":5}},"locations":[{"start":{"line":70,"column":35},"end":{"line":78,"column":5}}]},"24":{"type":"branch","line":78,"loc":{"start":{"line":78,"column":4},"end":{"line":85,"column":6}},"locations":[{"start":{"line":78,"column":4},"end":{"line":85,"column":6}}]}},"b":{"0":[17],"1":[17],"2":[6],"3":[11],"4":[7],"5":[4],"6":[17],"7":[17],"8":[3],"9":[14],"10":[17],"11":[3],"12":[14],"13":[0],"14":[14],"15":[1],"16":[13],"17":[6],"18":[7],"19":[17],"20":[0],"21":[13],"22":[17],"23":[2],"24":[15]},"fnMap":{"0":{"name":"scoreRecency","decl":{"start":{"line":7,"column":0},"end":{"line":9,"column":1}},"loc":{"start":{"line":7,"column":0},"end":{"line":9,"column":1}},"line":7},"1":{"name":"scoreOwnership","decl":{"start":{"line":12,"column":0},"end":{"line":17,"column":1}},"loc":{"start":{"line":12,"column":0},"end":{"line":17,"column":1}},"line":12},"2":{"name":"scoreBugMagnet","decl":{"start":{"line":20,"column":0},"end":{"line":25,"column":1}},"loc":{"start":{"line":20,"column":0},"end":{"line":25,"column":1}},"line":20},"3":{"name":"scoreChurnRate","decl":{"start":{"line":28,"column":0},"end":{"line":32,"column":1}},"loc":{"start":{"line":28,"column":0},"end":{"line":32,"column":1}},"line":28},"4":{"name":"getDangerLevel","decl":{"start":{"line":34,"column":0},"end":{"line":41,"column":1}},"loc":{"start":{"line":34,"column":0},"end":{"line":41,"column":1}},"line":34},"5":{"name":"checkIfExcludedfile","decl":{"start":{"line":43,"column":0},"end":{"line":51,"column":1}},"loc":{"start":{"line":43,"column":0},"end":{"line":51,"column":1}},"line":43},"6":{"name":"scoreFiles","decl":{"start":{"line":53,"column":7},"end":{"line":87,"column":1}},"loc":{"start":{"line":53,"column":7},"end":{"line":87,"column":1}},"line":53}},"f":{"0":17,"1":17,"2":17,"3":17,"4":17,"5":17,"6":13}}
,"/Users/vipulmalhotra/Documents/source/projects/gitaudit/src/cache/cache.ts": {"path":"/Users/vipulmalhotra/Documents/source/projects/gitaudit/src/cache/cache.ts","all":false,"statementMap":{"0":{"start":{"line":1,"column":0},"end":{"line":1,"column":25}},"1":{"start":{"line":2,"column":0},"end":{"line":2,"column":29}},"2":{"start":{"line":3,"column":0},"end":{"line":3,"column":50}},"3":{"start":{"line":4,"column":0},"end":{"line":4,"column":49}},"4":{"start":{"line":5,"column":0},"end":{"line":5,"column":52}},"5":{"start":{"line":6,"column":0},"end":{"line":6,"column":51}},"6":{"start":{"line":7,"column":0},"end":{"line":7,"column":50}},"7":{"start":{"line":8,"column":0},"end":{"line":8,"column":38}},"8":{"start":{"line":9,"column":0},"end":{"line":9,"column":0}},"9":{"start":{"line":10,"column":0},"end":{"line":10,"column":51}},"10":{"start":{"line":11,"column":0},"end":{"line":11,"column":0}},"11":{"start":{"line":12,"column":0},"end":{"line":12,"column":49}},"12":{"start":{"line":13,"column":0},"end":{"line":13,"column":68}},"13":{"start":{"line":14,"column":0},"end":{"line":14,"column":1}},"14":{"start":{"line":15,"column":0},"end":{"line":15,"column":0}},"15":{"start":{"line":16,"column":0},"end":{"line":16,"column":26}},"16":{"start":{"line":17,"column":0},"end":{"line":17,"column":19}},"17":{"start":{"line":18,"column":0},"end":{"line":18,"column":24}},"18":{"start":{"line":19,"column":0},"end":{"line":19,"column":23}},"19":{"start":{"line":20,"column":0},"end":{"line":20,"column":28}},"20":{"start":{"line":21,"column":0},"end":{"line":21,"column":34}},"21":{"start":{"line":22,"column":0},"end":{"line":22,"column":29}},"22":{"start":{"line":23,"column":0},"end":{"line":23,"column":9}},"23":{"start":{"line":24,"column":0},"end":{"line":24,"column":50}},"24":{"start":{"line":25,"column":0},"end":{"line":25,"column":33}},"25":{"start":{"line":26,"column":0},"end":{"line":26,"column":48}},"26":{"start":{"line":27,"column":0},"end":{"line":27,"column":3}},"27":{"start":{"line":28,"column":0},"end":{"line":28,"column":0}},"28":{"start":{"line":29,"column":0},"end":{"line":29,"column":32}},"29":{"start":{"line":30,"column":0},"end":{"line":30,"column":27}},"30":{"start":{"line":31,"column":0},"end":{"line":31,"column":13}},"31":{"start":{"line":32,"column":0},"end":{"line":32,"column":18}},"32":{"start":{"line":33,"column":0},"end":{"line":33,"column":41}},"33":{"start":{"line":34,"column":0},"end":{"line":34,"column":12}},"34":{"start":{"line":35,"column":0},"end":{"line":35,"column":16}},"35":{"start":{"line":36,"column":0},"end":{"line":36,"column":19}},"36":{"start":{"line":37,"column":0},"end":{"line":37,"column":16}},"37":{"start":{"line":38,"column":0},"end":{"line":38,"column":4}},"38":{"start":{"line":39,"column":0},"end":{"line":39,"column":0}},"39":{"start":{"line":40,"column":0},"end":{"line":40,"column":76}},"40":{"start":{"line":41,"column":0},"end":{"line":41,"column":1}},"41":{"start":{"line":42,"column":0},"end":{"line":42,"column":0}},"42":{"start":{"line":43,"column":0},"end":{"line":43,"column":66}},"43":{"start":{"line":44,"column":0},"end":{"line":44,"column":39}},"44":{"start":{"line":45,"column":0},"end":{"line":45,"column":0}},"45":{"start":{"line":46,"column":0},"end":{"line":46,"column":43}},"46":{"start":{"line":47,"column":0},"end":{"line":47,"column":45}},"47":{"start":{"line":48,"column":0},"end":{"line":48,"column":0}},"48":{"start":{"line":49,"column":0},"end":{"line":49,"column":7}},"49":{"start":{"line":50,"column":0},"end":{"line":50,"column":52}},"50":{"start":{"line":51,"column":0},"end":{"line":51,"column":49}},"51":{"start":{"line":52,"column":0},"end":{"line":52,"column":0}},"52":{"start":{"line":53,"column":0},"end":{"line":53,"column":36}},"53":{"start":{"line":54,"column":0},"end":{"line":54,"column":54}},"54":{"start":{"line":55,"column":0},"end":{"line":55,"column":0}},"55":{"start":{"line":56,"column":0},"end":{"line":56,"column":16}},"56":{"start":{"line":57,"column":0},"end":{"line":57,"column":51}},"57":{"start":{"line":58,"column":0},"end":{"line":58,"column":78}},"58":{"start":{"line":59,"column":0},"end":{"line":59,"column":48}},"59":{"start":{"line":60,"column":0},"end":{"line":60,"column":0}},"60":{"start":{"line":61,"column":0},"end":{"line":61,"column":18}},"61":{"start":{"line":62,"column":0},"end":{"line":62,"column":11}},"62":{"start":{"line":63,"column":0},"end":{"line":63,"column":16}},"63":{"start":{"line":64,"column":0},"end":{"line":64,"column":3}},"64":{"start":{"line":65,"column":0},"end":{"line":65,"column":1}},"65":{"start":{"line":66,
[...]
":30}},"451":{"start":{"line":452,"column":0},"end":{"line":452,"column":24}},"452":{"start":{"line":453,"column":0},"end":{"line":453,"column":26}},"453":{"start":{"line":454,"column":0},"end":{"line":454,"column":20}},"454":{"start":{"line":455,"column":0},"end":{"line":455,"column":19}},"455":{"start":{"line":456,"column":0},"end":{"line":456,"column":20}},"456":{"start":{"line":457,"column":0},"end":{"line":457,"column":14}},"457":{"start":{"line":458,"column":0},"end":{"line":458,"column":11}},"458":{"start":{"line":459,"column":0},"end":{"line":459,"column":0}},"459":{"start":{"line":460,"column":0},"end":{"line":460,"column":70}},"460":{"start":{"line":461,"column":0},"end":{"line":461,"column":18}},"461":{"start":{"line":462,"column":0},"end":{"line":462,"column":16}},"462":{"start":{"line":463,"column":0},"end":{"line":463,"column":31}},"463":{"start":{"line":464,"column":0},"end":{"line":464,"column":105}},"464":{"start":{"line":465,"column":0},"end":{"line":465,"column":22}},"465":{"start":{"line":466,"column":0},"end":{"line":466,"column":30}},"466":{"start":{"line":467,"column":0},"end":{"line":467,"column":29}},"467":{"start":{"line":468,"column":0},"end":{"line":468,"column":25}},"468":{"start":{"line":469,"column":0},"end":{"line":469,"column":26}},"469":{"start":{"line":470,"column":0},"end":{"line":470,"column":39}},"470":{"start":{"line":471,"column":0},"end":{"line":471,"column":66}},"471":{"start":{"line":472,"column":0},"end":{"line":472,"column":16}},"472":{"start":{"line":473,"column":0},"end":{"line":473,"column":61}},"473":{"start":{"line":474,"column":0},"end":{"line":474,"column":13}},"474":{"start":{"line":475,"column":0},"end":{"line":475,"column":36}},"475":{"start":{"line":476,"column":0},"end":{"line":476,"column":166}},"476":{"start":{"line":477,"column":0},"end":{"line":477,"column":34}},"477":{"start":{"line":478,"column":0},"end":{"line":478,"column":22}},"478":{"start":{"line":479,"column":0},"end":{"line":479,"column":16}},"479":{"start":{"line":480,"column":0},"end":{"line":480,"column":18}},"480":{"start":{"line":481,"column":0},"end":{"line":481,"column":12}},"481":{"start":{"line":482,"column":0},"end":{"line":482,"column":11}},"482":{"start":{"line":483,"column":0},"end":{"line":483,"column":0}},"483":{"start":{"line":484,"column":0},"end":{"line":484,"column":23}},"484":{"start":{"line":485,"column":0},"end":{"line":485,"column":21}},"485":{"start":{"line":486,"column":0},"end":{"line":486,"column":14}},"486":{"start":{"line":487,"column":0},"end":{"line":487,"column":71}},"487":{"start":{"line":488,"column":0},"end":{"line":488,"column":20}},"488":{"start":{"line":489,"column":0},"end":{"line":489,"column":69}},"489":{"start":{"line":490,"column":0},"end":{"line":490,"column":88}},"490":{"start":{"line":491,"column":0},"end":{"line":491,"column":14}},"491":{"start":{"line":492,"column":0},"end":{"line":492,"column":11}},"492":{"start":{"line":493,"column":0},"end":{"line":493,"column":139}},"493":{"start":{"line":494,"column":0},"end":{"line":494,"column":31}},"494":{"start":{"line":495,"column":0},"end":{"line":495,"column":18}},"495":{"start":{"line":496,"column":0},"end":{"line":496,"column":16}},"496":{"start":{"line":497,"column":0},"end":{"line":497,"column":10}},"497":{"start":{"line":498,"column":0},"end":{"line":498,"column":0}},"498":{"start":{"line":499,"column":0},"end":{"line":499,"column":27}},"499":{"start":{"line":500,"column":0},"end":{"line":500,"column":32}},"500":{"start":{"line":501,"column":0},"end":{"line":501,"column":96}},"501":{"start":{"line":502,"column":0},"end":{"line":502,"column":31}},"502":{"start":{"line":503,"column":0},"end":{"line":503,"column":16}},"503":{"start":{"line":504,"column":0},"end":{"line":504,"column":10}},"504":{"start":{"line":505,"column":0},"end":{"line":505,"column":12}},"505":{"start":{"line":506,"column":0},"end":{"line":506,"column":0}},"506":{"start":{"line":507,"column":0},"end":{"line":507,"column":26}},"507":{"start":{"line":508,"column":0},"end":{"line":508,"column":62}},"508":{"start":{"line":509,"column":0},"end":{"line":509,"column":47}},"509":{"start":{"line":510,"column":0},"end":{"line":510,"column":22}},"510":{"start":{"line":511,"column":0},"end":{"line":511,"column":86}},"511":{"start":{"line":512,"column":0},"end":{"line":512,"column":78}},"512":{"start":{"line":513,"column":0},"end":{"line":513,"column":82}},"513":{"start":{"line":514,"column":0},"end":{"line":514,"column":12}},"514":{"start":{"line":515,"column":0},"end":{"line":515,"column":10}},"515":{"start":{"line":516,"column":0},"end":{"line":516,"column":4}},"516":{"start":{"line":517,"column":0},"end":{"line":517,"column":2}},"517":{"start":{"line":518,"column":0},"end":{"line":518,"column":0}},"518":{"start":{"line":519,"column":0},"end":{"line":519,"column":28}}},"s":{"0":1,"1":1,"2":1,"3":1,"4":1,"5":1,"6":1,"7":1,"8":1,"9":1,"10":1,"11":1,"12":1,"13":1,"14":1,"15":1,"16":1,"17":1,"18":1,"19":1,"20":3,"21":3,"22":3,"23":3,"24":0,"25":0,"26":0,"27":0,"28":0,"29":0,"30":0,"31":0,"32":0,"33":0,"34":0,"35":0,"36":0,"37":0,"38":0,"39":0,"40":0,"41":0,"42":0,"43":0,"44":0,"45":0,"46":0,"47":0,"48":0,"49":3,"50":3,"51":3,"52":3,"53":3,"54":3,"55":0,"56":0,"57":0,"58":0,"59":0,"60":0,"61":3,"62":3,"63":3,"64":3,"65":3,"66":1,"67":1,"68":1,"69":1,"70":1,"71":1,"72":1,"73":1,"74":1,"75":1,"76":1,"77":1,"78":1,"79":1,"80":1,"81":1,"82":1,"83":1,"84":1,"85":1,"86":3,"87":3,"88":3,"89":1,"90":0,"91":0,"92":0,"93":1,"94":1,"95":1,"96":1,"97":3,"98":3,"99":3,"100":3,"101":3,"102":0,"103":3,"104":3,"105":3,"106":3,"107":3,"108":3,"109":3,"110":3,"111":1,"112":1,"113":1,"114":1,"115":1,"116":3,"117":3,"118":3,"119":3,"120":3,"121":3,"122":3,"123":3,"124":3,"125":3,"126":3,"127":0,"128":0,"129":0,"130":3,"131":3,"132":3,"133":3,"134":3,"135":3,"136":3,"137":3,"138":3,"139":3,"140":3,"141":3,"142":0,"143":0,"144":0,"145":0,"146":0,"147":0,"148":0,"149":3,"150":3,"151":3,"152":3,"153":3,"154":3,"155":3,"156":3,"157":3,"158":3,"159":3,"160":3,"161":3,"162":3,"163":3,"164":3,"165":3,"166":3,"167":3,"168":3,"169":3,"170":3,"171":3,"172":3,"173":3,"174":3,"175":3,"176":3,"177":0,"178":0,"179":0,"180":0,"181":3,"182":3,"183":3,"184":3,"185":0,"186":0,"187":0,"188":0,"189":3,"190":3,"191":0,"192":0,"193":3,"194":3,"195":0,"196":0,"197":0,"198":0,"199":0,"200":0,"201":0,"202":0,"203":0,"204":0,"205":0,"206":0,"207":0,"208":0,"209":0,"210":0,"211":0,"212":0,"213":0,"214":0,"215":0,"216":0,"217":0,"218":0,"219":0,"220":0,"221":0,"222":0,"223":0,"224":0,"225":0,"226":0,"227":0,"228":0,"229":0,"230":0,"231":0,"232":0,"233":0,"234":0,"235":0,"236":0,"237":0,"238":0,"239":0,"240":0,"241":0,"242":0,"243":0,"244":0,"245":0,"246":0,"247":0,"248":0,"249":0,"250":0,"251":0,"252":0,"253":0,"254":0,"255":0,"256":0,"257":0,"258":3,"259":3,"260":0,"261":0,"262":0,"263":0,"264":0,"265":0,"266":0,"267":0,"268":3,"269":3,"270":0,"271":0,"272":3,"273":3,"274":3,"275":3,"276":3,"277":3,"278":3,"279":3,"280":3,"281":3,"282":3,"283":3,"284":3,"285":3,"286":3,"287":3,"288":15,"289":15,"290":15,"291":15,"292":15,"293":15,"294":15,"295":15,"296":3,"297":3,"298":3,"299":3,"300":3,"301":3,"302":3,"303":3,"304":3,"305":3,"306":3,"307":3,"308":3,"309":0,"310":3,"311":3,"312":3,"313":3,"314":3,"315":0,"316":0,"317":0,"318":0,"319":0,"320":0,"321":0,"322":0,"323":0,"324":0,"325":0,"326":0,"327":0,"328":3,"329":3,"330":0,"331":0,"332":0,"333":0,"334":0,"335":0,"336":0,"337":3,"338":3,"339":3,"340":3,"341":3,"342":3,"343":3,"344":3,"345":3,"346":3,"347":3,"348":3,"349":3,"350":3,"351":3,"352":3,"353":3,"354":3,"355":3,"356":3,"357":3,"358":3,"359":3,"360":3,"361":3,"362":3,"363":3,"364":3,"365":3,"366":3,"367":3,"368":3,"369":3,"370":3,"371":3,"372":3,"373":3,"374":3,"375":3,"376":3,"377":3,"378":3,"379":3,"380":3,"381":3,"382":3,"383":3,"384":3,"385":3,"386":3,"387":3,"388":3,"389":3,"390":3,"391":3,"392":3,"393":3,"394":0,"395":0,"396":0,"397":0,"398":0,"399":0,"400":0,"401":0,"402":0,"403":0,"404":0,"405":0,"406":0,"407":0,"408":0,"409":0,"410":0,"411":0,"412":0,"413":0,"414":0,"415":0,"416":0,"417":0,"418":0,"419":0,"420":0,"421":0,"422":0,"423":0,"424":0,"425":0,"426":0,"427":0,"428":0,"429":0,"430":0,"431":0,"432":0,"433":0,"434":0,"435":0,"436":0,"437":0,"438":0,"439":0,"440":0,"441":0,"442":0,"443":0,"444":0,"445":0,"446":0,"447":0,"448":0,"449":0,"450":0,"451":0,"452":0,"453":0,"454":3,"455":3,"456":3,"457":3,"458":0,"459":0,"460":0,"461":0,"462":0,"463":0,"464":0,"465":0,"466":0,"467":0,"468":0,"469":0,"470":3,"471":3,"472":3,"473":3,"474":3,"475":0,"476":0,"477":0,"478":3,"479":3,"480":3,"481":3,"482":3,"483":3,"484":3,"485":0,"486":0,"487":0,"488":0,"489":0,"490":0,"491":0,"492":0,"493":0,"494":0,"495":0,"496":3,"497":3,"498":3,"499":3,"500":0,"501":0,"502":0,"503":3,"504":3,"505":3,"506":3,"507":3,"508":3,"509":3,"510":3,"511":3,"512":3,"513":3,"514":3,"515":3,"516":3,"517":1,"518":1},"branchMap":{"0":{"type":"branch","line":21,"loc":{"start":{"line":21,"column":0},"end":{"line":66,"column":1}},"locations":[{"start":{"line":21,"column":0},"end":{"line":66,"column":1}}]},"1":{"type":"branch","line":24,"loc":{"start":{"line":24,"column":28},"end":{"line":49,"column":3}},"locations":[{"start":{"line":24,"column":28},"end":{"line":49,"column":3}}]},"2":{"type":"branch","line":52,"loc":{"start":{"line":52,"column":2},"end":{"line":63,"column":3}},"locations":[{"start":{"line":52,"column":2},"end":{"line":63,"column":3}}]},"3":{"type":"branch","line":53,"loc":{"start":{"line":53,"column":24},"end":{"line":53,"column":36}},"locations":[{"start":{"line":53,"column":24},"end":{"line":53,"column":36}}]},"4":{"type":"branch","line":55,"loc":{"start":{"line":55,"column":33},"end":{"line":55,"column":67}},"locations":[{"start":{"line":55,"column":33},"end":{"line":55,"column":67}}]},"5":{"type":"branch","line":55,"loc":{"start":{"line":55,"column":55},"end":{"line":55,"column":89}},"locations":[{"start":{"line":55,"column":55},"end":{"line":55,"column":89}}]},"6":{"type":"branch","line":55,"loc":{"start":{"line":55,"column":89},"end":{"line":61,"column":5}},"locations":[{"start":{"line":55,"column":89},"end":{"line":61,"column":5}}]},"7":{"type":"branch","line":87,"loc":{"start":{"line":87,"column":0},"end":{"line":89,"column":1}},"locations":[{"start":{"line":87,"column":0},"end":{"line":89,"column":1}}]},"8":{"type":"branch","line":88,"loc":{"start":{"line":88,"column":23},"end":{"line":88,"column":40}},"locations":[{"start":{"line":88,"column":23},"end":{"line":88,"column":40}}]},"9":{"type":"branch","line":88,"loc":{"start":{"line":88,"column":53},"end":{"line":88,"column":76}},"locations":[{"start":{"line":88,"column":53},"end":{"line":88,"column":76}}]},"10":{"type":"branch","line":98,"loc":{"start":{"line":98,"column":0},"end":{"line":111,"column":1}},"locations":[{"start":{"line":98,"column":0},"end":{"line":111,"column":1}}]},"11":{"type":"branch","line":102,"loc":{"start":{"line":102,"column":66},"end":{"line":103,"column":8}},"locations":[{"start":{"line":102,"column":66},"end":{"line":103,"column":8}}]},"12":{"type":"branch","line":109,"loc":{"start":{"line":109,"column":96},"end":{"line":109,"column":108}},"locations":[{"start":{"line":109,"column":96},"end":{"line":109,"column":108}}]},"13":{"type":"branch","line":102,"loc":{"start":{"line":102,"column":20},"end":{"line":102,"column":61}},"locations":[{"start":{"line":102,"column":20},"end":{"line":102,"column":61}}]},"14":{"type":"branch","line":105,"loc":{"start":{"line":105,"column":17},"end":{"line":108,"column":3}},"locations":[{"start":{"line":105,"column":17},"end":{"line":108,"column":3}}]},"15":{"type":"branch","line":109,"loc":{"start":{"line":109,"column":78},"end":{"line":109,"column":96}},"locations":[{"start":{"line":109,"column":78},"end":{"line":109,"column":96}}]},"16":{"type":"branch","line":116,"loc":{"start":{"line":116,"column":38},"end":{"line":517,"column":2}},"locations":[{"start":{"line":116,"column":38},"end":{"line":517,"column":2}}]},"17":{"type":"branch","line":309,"loc":{"start":{"line":309,"column":16},"end":{"line":310,"column":68}},"locations":[{"start":{"line":309,"column":16},"end":{"line":310,"column":68}}]},"18":{"type":"branch","line":330,"loc":{"start":{"line":330,"column":27},"end":{"line":337,"column":19}},"locations":[{"start":{"line":330,"column":27},"end":{"line":337,"column":19}}]},"19":{"type":"branch","line":485,"loc":{"start":{"line":485,"column":9},"end":{"line":496,"column":16}},"locations":[{"start":{"line":485,"column":9},"end":{"line":496,"column":16}}]},"20":{"type":"branch","line":500,"loc":{"start":{"line":500,"column":26},"end":{"line":503,"column":16}},"locations":[{"start":{"line":500,"column":26},"end":{"line":503,"column":16}}]},"21":{"type":"branch","line":125,"loc":{"start":{"line":125,"column":12},"end":{"line":134,"column":5}},"locations":[{"start":{"line":125,"column":12},"end":{"line":134,"column":5}}]},"22":{"type":"branch","line":126,"loc":{"start":{"line":126,"column":31},"end":{"line":126,"column":38}},"locations":[{"start":{"line":126,"column":31},"end":{"line":126,"column":38}}]},"23":{"type":"branch","line":133,"loc":{"start":{"line":133,"column":11},"end":{"line":133,"column":39}},"locations":[{"start":{"line":133,"column":11},"end":{"line":133,"column":39}}]},"24":{"type":"branch","line":137,"loc":{"start":{"line":137,"column":27},"end":{"line":137,"column":56}},"locations":[{"start":{"line":137,"column":27},"end":{"line":137,"column":56}}]},"25":{"type":"branch","line":140,"loc":{"start":{"line":140,"column":30},"end":{"line":151,"column":5}},"locations":[{"start":{"line":140,"column":30},"end":{"line":151,"column":5}}]},"26":{"type":"branch","line":142,"loc":{"start":{"line":142,"column":32},"end":{"line":149,"column":5}},"locations":[{"start":{"line":142,"column":32},"end":{"line":149,"column":5}}]},"27":{"type":"branch","line":154,"loc":{"start":{"line":154,"column":30},"end":{"line":169,"column":5}},"locations":[{"start":{"line":154,"column":30},"end":{"line":169,"column":5}}]},"28":{"type":"branch","line":156,"loc":{"start":{"line":156,"column":11},"end":{"line":156,"column":66}},"locations":[{"start":{"line":156,"column":11},"end":{"line":156,"column":66}}]},"29":{"type":"branch","line":156,"loc":{"start":{"line":156,"column":30},"end":{"line":156,"column":66}},"locations":[{"start":{"line":156,"column":30},"end":{"line":156,"column":66}}]},"30":{"type":"branch","line":172,"loc":{"start":{"line":172,"column":24},"end":{"line":183,"column":5}},"locations":[{"start":{"line":172,"column":24},"end":{"line":183,"column":5}}]},"31":{"type":"branch","line":177,"loc":{"start":{"line":177,"column":4},"end":{"line":181,"column":5}},"locations":[{"start":{"line":177,"column":4},"end":{"line":181,"column":5}}]},"32":{"type":"branch","line":288,"loc":{"start":{"line":288,"column":76},"end":{"line":296,"column":22}},"locations":[{"start":{"line":288,"column":76},"end":{"line":296,"column":22}}]},"33":{"type":"branch","line":350,"loc":{"start":{"line":350,"column":19},"end":{"line":482,"column":9}},"locations":[{"start":{"line":350,"column":19},"end":{"line":482,"column":9}}]},"34":{"type":"branch","line":351,"loc":{"start":{"line":351,"column":26},"end":{"line":351,"column":38}},"locations":[{"start":{"line":351,"column":26},"end":{"line":351,"column":38}}]},"35":{"type":"branch","line":352,"loc":{"start":{"line":352,"column":26},"end":{"line":352,"column":38}},"locations":[{"start":{"line":352,"column":26},"end":{"line":352,"column":38}}]},"36":{"type":"branch","line":353,"loc":{"start":{"line":353,"column":30},"end":{"line":353,"column":42}},"locations":[{"start":{"line":353,"column":30},"end":{"line":353,"column":42}}]},"37":{"type":"branch","line":357,"loc":{"start":{"line":357,"column":24},"end":{"line":357,"column":57}},"locations":[{"start":{"line":357,"column":24},"end":{"line":357,"column":57}}]},"38":{"type":"branch","line":394,"loc":{"start":{"line":394,"column":22},"end":{"line":394,"column":36}},"locations":[{"start":{"line":394,"column":22},"end":{"line":394,"column":36}}]},"39":{"type":"branch","line":458,"loc":{"start":{"line":458,"column":10},"end":{"line":471,"column":62}},"locations":[{"start":{"line":458,"column":10},"end":{"line":471,"column":62}}]},"40":{"type":"branch","line":475,"loc":{"start":{"line":475,"column":19},"end":{"line":475,"column":36}},"locations":[{"start":{"line":475,"column":19},"end":{"line":475,"column":36}}]},"41":{"type":"branch","line":475,"loc":{"start":{"line":475,"column":29},"end":{"line":478,"column":22}},"locations":[{"start":{"line":475,"column":29},"end":{"line":478,"column":22}}]}},"b":{"0":[3],"1":[0],"2":[3],"3":[0],"4":[0],"5":[0],"6":[0],"7":[3],"8":[0],"9":[0],"10":[3],"11":[0],"12":[0],"13":[3],"14":[3],"15":[15],"16":[3],"17":[0],"18":[0],"19":[0],"20":[0],"21":[3],"22":[0],"23":[3],"24":[3],"25":[3],"26":[0],"27":[3],"28":[3],"29":[0],"30":[3],"31":[0],"32":[15],"33":[3],"34":[0],"35":[0],"36":[0],"37":[0],"38":[0],"39":[0],"40":[0],"41":[0]},"fnMap":{"0":{"name":"buildHierarchy","decl":{"start":{"line":21,"column":0},"end":{"line":66,"column":1}},"loc":{"start":{"line":21,"column":0},"end":{"line":66,"column":1}},"line":21},"1":{"name":"collapse","decl":{"start":{"line":52,"column":2},"end":{"line":63,"column":3}},"loc":{"start":{"line":52,"column":2},"end":{"line":63,"column":3}},"line":52},"2":{"name":"getColor","decl":{"start":{"line":87,"column":0},"end":{"line":89,"column":1}},"loc":{"start":{"line":87,"column":0},"end":{"line":89,"column":1}},"line":87},"3":{"name":"getBgColor","decl":{"start":{"line":91,"column":0},"end":{"line":93,"column":1}},"loc":{"start":{"line":91,"column":0},"end":{"line":93,"column":1}},"line":91},"4":{"name":"getDirStats","decl":{"start":{"line":98,"column":0},"end":{"line":111,"column":1}},"loc":{"start":{"line":98,"column":0},"end":{"line":111,"column":1}},"line":98},"5":{"name":"HeatmapGraph","decl":{"start":{"line":116,"column":38},"end":{"line":517,"column":2}},"loc":{"start":{"line":116,"column":38},"end":{"line":517,"column":2}},"line":116},"6":{"name":"handleTileClick","decl":{"start":{"line":185,"column":26},"end":{"line":189,"column":4}},"loc":{"start":{"line":185,"column":26},"end":{"line":189,"column":4}},"line":185},"7":{"name":"handleBreadcrumbClick","decl":{"start":{"line":191,"column":32},"end":{"line":193,"column":4}},"loc":{"start":{"line":191,"column":32},"end":{"line":193,"column":4}},"line":191},"8":{"name":"handleMouseEnter","decl":{"start":{"line":195,"column":27},"end":{"line":258,"column":4}},"loc":{"start":{"line":195,"column":27},"end":{"line":258,"column":4}},"line":195},"9":{"name":"handleMouseMove","decl":{"start":{"line":260,"column":26},"end":{"line":268,"column":4}},"loc":{"start":{"line":260,"column":26},"end":{"line":268,"column":4}},"line":260},"10":{"name":"handleMouseLeave","decl":{"start":{"line":270,"column":27},"end":{"line":272,"column":4}},"loc":{"start":{"line":270,"column":27},"end":{"line":272,"column":4}},"line":270},"11":{"name":"onClick","decl":{"start":{"line":306,"column":19},"end":{"line":306,"column":50}},"loc":{"start":{"line":306,"column":19},"end":{"line":306,"column":50}},"line":306},"12":{"name":"onClick","decl":{"start":{"line":332,"column":21},"end":{"line":332,"column":66}},"loc":{"start":{"line":332,"column":21},"end":{"line":332,"column":66}},"line":332},"13":{"name":"onClick","decl":{"start":{"line":375,"column":25},"end":{"line":375,"column":63}},"loc":{"start":{"line":375,"column":25},"end":{"line":375,"column":63}},"line":375},"14":{"name":"onMouseEnter","decl":{"start":{"line":376,"column":30},"end":{"line":376,"column":63}},"loc":{"start":{"line":376,"column":30},"end":{"line":376,"column":63}},"line":376},"15":{"name":"onMouseEnter","decl":{"start":{"line":473,"column":28},"end":{"line":473,"column":61}},"loc":{"start":{"line":473,"column":28},"end":{"line":473,"column":61}},"line":473}},"f":{"0":3,"1":3,"2":3,"3":0,"4":3,"5":3,"6":0,"7":0,"8":0,"9":0,"10":0,"11":0,"12":0,"13":0,"14":0,"15":0}}
}
